[ 2016-09-17T20:45:18+08:00 ] ::1 /index.php/Admin/index.html
INFO: [ app_init ] --START--
INFO: Run Behavior\BuildLiteBehavior [ RunTime:0.000000s ]
INFO: [ app_init ] --END-- [ RunTime:0.000000s ]
INFO: [ app_begin ] --START--
INFO: Run Behavior\ReadHtmlCacheBehavior [ RunTime:0.001000s ]
INFO: [ app_begin ] --END-- [ RunTime:0.001000s ]
INFO: [ view_parse ] --START--
INFO: [ template_filter ] --START--
INFO: Run Behavior\ContentReplaceBehavior [ RunTime:0.000000s ]
INFO: [ template_filter ] --END-- [ RunTime:0.000000s ]
NOTIC: [8] Undefined variable: kehu D:\Myfiles\workspace\rhfpm\Application\Runtime\Cache\Admin\eea688c288fc97c3a0cfe11b847f7230.php 第 325 行.
NOTIC: [8] Undefined variable: shangpin D:\Myfiles\workspace\rhfpm\Application\Runtime\Cache\Admin\eea688c288fc97c3a0cfe11b847f7230.php 第 330 行.
NOTIC: [8] Undefined variable: hetong D:\Myfiles\workspace\rhfpm\Application\Runtime\Cache\Admin\eea688c288fc97c3a0cfe11b847f7230.php 第 341 行.
NOTIC: [8] Undefined variable: xitong D:\Myfiles\workspace\rhfpm\Application\Runtime\Cache\Admin\eea688c288fc97c3a0cfe11b847f7230.php 第 352 行.
INFO: Run Behavior\ParseTemplateBehavior [ RunTime:0.086005s ]
INFO: [ view_parse ] --END-- [ RunTime:0.086005s ]
INFO: [ view_filter ] --START--
INFO: Run Behavior\WriteHtmlCacheBehavior [ RunTime:0.001000s ]
INFO: [ view_filter ] --END-- [ RunTime:0.001000s ]
INFO: [ app_end ] --START--
INFO: Run Behavior\ShowPageTraceBehavior [ RunTime:0.001000s ]
INFO: [ app_end ] --END-- [ RunTime:0.001000s ]

[ 2016-09-17T20:45:24+08:00 ] ::1 /index.php/Admin/Customer
INFO: [ app_init ] --START--
INFO: Run Behavior\BuildLiteBehavior [ RunTime:0.000000s ]
INFO: [ app_init ] --END-- [ RunTime:0.000000s ]
INFO: [ app_begin ] --START--
INFO: Run Behavior\ReadHtmlCacheBehavior [ RunTime:0.001000s ]
INFO: [ app_begin ] --END-- [ RunTime:0.001000s ]
SQL: SHOW COLUMNS FROM `customer` [ RunTime:0.0490s ]
SQL: SELECT COUNT(*) AS tp_count FROM `customer` ORDER BY id DESC LIMIT 1   [ RunTime:0.0010s ]
SQL: SELECT * FROM `customer` ORDER BY id DESC LIMIT 0,25   [ RunTime:0.0020s ]
INFO: [ view_parse ] --START--
INFO: [ template_filter ] --START--
INFO: Run Behavior\ContentReplaceBehavior [ RunTime:0.001000s ]
INFO: [ template_filter ] --END-- [ RunTime:0.001000s ]
NOTIC: [8] Undefined variable: username D:\Myfiles\workspace\rhfpm\Application\Runtime\Cache\Admin\854a26db4864f286c7281e78002411c0.php 第 255 行.
NOTIC: [8] Undefined variable: username D:\Myfiles\workspace\rhfpm\Application\Runtime\Cache\Admin\854a26db4864f286c7281e78002411c0.php 第 304 行.
NOTIC: [8] Undefined variable: gaikuang D:\Myfiles\workspace\rhfpm\Application\Runtime\Cache\Admin\854a26db4864f286c7281e78002411c0.php 第 321 行.
NOTIC: [8] Undefined variable: shangpin D:\Myfiles\workspace\rhfpm\Application\Runtime\Cache\Admin\854a26db4864f286c7281e78002411c0.php 第 331 行.
NOTIC: [8] Undefined variable: hetong D:\Myfiles\workspace\rhfpm\Application\Runtime\Cache\Admin\854a26db4864f286c7281e78002411c0.php 第 342 行.
NOTIC: [8] Undefined variable: xitong D:\Myfiles\workspace\rhfpm\Application\Runtime\Cache\Admin\854a26db4864f286c7281e78002411c0.php 第 353 行.
INFO: Run Behavior\ParseTemplateBehavior [ RunTime:0.046002s ]
INFO: [ view_parse ] --END-- [ RunTime:0.046002s ]
INFO: [ view_filter ] --START--
INFO: Run Behavior\WriteHtmlCacheBehavior [ RunTime:0.001000s ]
INFO: [ view_filter ] --END-- [ RunTime:0.001000s ]
INFO: [ app_end ] --START--
INFO: Run Behavior\ShowPageTraceBehavior [ RunTime:0.001000s ]
INFO: [ app_end ] --END-- [ RunTime:0.001000s ]

[ 2016-09-17T20:45:28+08:00 ] ::1 /index.php/Admin/Moulds/index/cid/1
INFO: [ app_init ] --START--
INFO: Run Behavior\BuildLiteBehavior [ RunTime:0.000000s ]
INFO: [ app_init ] --END-- [ RunTime:0.001000s ]
INFO: [ app_begin ] --START--
INFO: Run Behavior\ReadHtmlCacheBehavior [ RunTime:0.000000s ]
INFO: [ app_begin ] --END-- [ RunTime:0.001000s ]
SQL: SHOW COLUMNS FROM `customer` [ RunTime:0.0070s ]
SQL: SELECT * FROM `customer`  [ RunTime:0.0010s ]
SQL: SELECT `c_name` FROM `customer` WHERE `id` = 1 LIMIT 1   [ RunTime:0.0010s ]
SQL: SHOW COLUMNS FROM `moulds` [ RunTime:0.0290s ]
SQL: SELECT COUNT(*) AS tp_count FROM `moulds` WHERE `cid` = 1 LIMIT 1   [ RunTime:0.0010s ]
SQL: SELECT COUNT(*) AS tp_count FROM `moulds` WHERE `cid` = 1 LIMIT 1   [ RunTime:0.0000s ]
SQL: SELECT * FROM `moulds` WHERE `cid` = 1 LIMIT 0,25   [ RunTime:0.0000s ]
INFO: [ view_parse ] --START--
INFO: [ template_filter ] --START--
INFO: Run Behavior\ContentReplaceBehavior [ RunTime:0.001000s ]
INFO: [ template_filter ] --END-- [ RunTime:0.001000s ]
NOTIC: [8] Undefined variable: gaikuang D:\Myfiles\workspace\rhfpm\Application\Runtime\Cache\Admin\663915f84112d561fa1f4188ab14e0dc.php 第 321 行.
NOTIC: [8] Undefined variable: kehu D:\Myfiles\workspace\rhfpm\Application\Runtime\Cache\Admin\663915f84112d561fa1f4188ab14e0dc.php 第 326 行.
NOTIC: [8] Undefined variable: hetong D:\Myfiles\workspace\rhfpm\Application\Runtime\Cache\Admin\663915f84112d561fa1f4188ab14e0dc.php 第 342 行.
NOTIC: [8] Undefined variable: xitong D:\Myfiles\workspace\rhfpm\Application\Runtime\Cache\Admin\663915f84112d561fa1f4188ab14e0dc.php 第 353 行.
INFO: Run Behavior\ParseTemplateBehavior [ RunTime:0.047003s ]
INFO: [ view_parse ] --END-- [ RunTime:0.047003s ]
INFO: [ view_filter ] --START--
INFO: Run Behavior\WriteHtmlCacheBehavior [ RunTime:0.001000s ]
INFO: [ view_filter ] --END-- [ RunTime:0.001000s ]
INFO: [ app_end ] --START--
INFO: Run Behavior\ShowPageTraceBehavior [ RunTime:0.001000s ]
INFO: [ app_end ] --END-- [ RunTime:0.001000s ]

[ 2016-09-17T20:45:30+08:00 ] ::1 /index.php/Admin/Goods
INFO: [ app_init ] --START--
INFO: Run Behavior\BuildLiteBehavior [ RunTime:0.000000s ]
INFO: [ app_init ] --END-- [ RunTime:0.001000s ]
INFO: [ app_begin ] --START--
INFO: Run Behavior\ReadHtmlCacheBehavior [ RunTime:0.001000s ]
INFO: [ app_begin ] --END-- [ RunTime:0.001000s ]
SQL: SHOW COLUMNS FROM `goods` [ RunTime:0.0330s ]
SQL: SELECT COUNT(*) AS tp_count FROM `goods` ORDER BY id DESC LIMIT 1   [ RunTime:0.0000s ]
SQL: SELECT * FROM `goods` ORDER BY id DESC LIMIT 0,25   [ RunTime:0.0010s ]
INFO: [ view_parse ] --START--
INFO: [ template_filter ] --START--
INFO: Run Behavior\ContentReplaceBehavior [ RunTime:0.000000s ]
INFO: [ template_filter ] --END-- [ RunTime:0.000000s ]
NOTIC: [8] Undefined variable: username D:\Myfiles\workspace\rhfpm\Application\Runtime\Cache\Admin\180f89ee4212391075a9ba3d84789e47.php 第 255 行.
NOTIC: [8] Undefined variable: username D:\Myfiles\workspace\rhfpm\Application\Runtime\Cache\Admin\180f89ee4212391075a9ba3d84789e47.php 第 304 行.
NOTIC: [8] Undefined variable: gaikuang D:\Myfiles\workspace\rhfpm\Application\Runtime\Cache\Admin\180f89ee4212391075a9ba3d84789e47.php 第 321 行.
NOTIC: [8] Undefined variable: kehu D:\Myfiles\workspace\rhfpm\Application\Runtime\Cache\Admin\180f89ee4212391075a9ba3d84789e47.php 第 326 行.
NOTIC: [8] Undefined variable: hetong D:\Myfiles\workspace\rhfpm\Application\Runtime\Cache\Admin\180f89ee4212391075a9ba3d84789e47.php 第 342 行.
NOTIC: [8] Undefined variable: xitong D:\Myfiles\workspace\rhfpm\Application\Runtime\Cache\Admin\180f89ee4212391075a9ba3d84789e47.php 第 353 行.
INFO: Run Behavior\ParseTemplateBehavior [ RunTime:0.045003s ]
INFO: [ view_parse ] --END-- [ RunTime:0.045003s ]
INFO: [ view_filter ] --START--
INFO: Run Behavior\WriteHtmlCacheBehavior [ RunTime:0.001000s ]
INFO: [ view_filter ] --END-- [ RunTime:0.002000s ]
INFO: [ app_end ] --START--
INFO: Run Behavior\ShowPageTraceBehavior [ RunTime:0.001000s ]
INFO: [ app_end ] --END-- [ RunTime:0.001000s ]

[ 2016-09-17T20:45:32+08:00 ] ::1 /index.php/Admin/Moulds/index/cid/1
INFO: [ app_init ] --START--
INFO: Run Behavior\BuildLiteBehavior [ RunTime:0.000000s ]
INFO: [ app_init ] --END-- [ RunTime:0.001000s ]
INFO: [ app_begin ] --START--
INFO: Run Behavior\ReadHtmlCacheBehavior [ RunTime:0.001000s ]
INFO: [ app_begin ] --END-- [ RunTime:0.001000s ]
SQL: SHOW COLUMNS FROM `customer` [ RunTime:0.0060s ]
SQL: SELECT * FROM `customer`  [ RunTime:0.0010s ]
SQL: SELECT `c_name` FROM `customer` WHERE `id` = 1 LIMIT 1   [ RunTime:0.0000s ]
SQL: SHOW COLUMNS FROM `moulds` [ RunTime:0.0040s ]
SQL: SELECT COUNT(*) AS tp_count FROM `moulds` WHERE `cid` = 1 LIMIT 1   [ RunTime:0.0000s ]
SQL: SELECT COUNT(*) AS tp_count FROM `moulds` WHERE `cid` = 1 LIMIT 1   [ RunTime:0.0000s ]
SQL: SELECT * FROM `moulds` WHERE `cid` = 1 LIMIT 0,25   [ RunTime:0.0010s ]
INFO: [ view_parse ] --START--
INFO: [ template_filter ] --START--
INFO: Run Behavior\ContentReplaceBehavior [ RunTime:0.000000s ]
INFO: [ template_filter ] --END-- [ RunTime:0.000000s ]
NOTIC: [8] Undefined variable: gaikuang D:\Myfiles\workspace\rhfpm\Application\Runtime\Cache\Admin\663915f84112d561fa1f4188ab14e0dc.php 第 321 行.
NOTIC: [8] Undefined variable: kehu D:\Myfiles\workspace\rhfpm\Application\Runtime\Cache\Admin\663915f84112d561fa1f4188ab14e0dc.php 第 326 行.
NOTIC: [8] Undefined variable: hetong D:\Myfiles\workspace\rhfpm\Application\Runtime\Cache\Admin\663915f84112d561fa1f4188ab14e0dc.php 第 342 行.
NOTIC: [8] Undefined variable: xitong D:\Myfiles\workspace\rhfpm\Application\Runtime\Cache\Admin\663915f84112d561fa1f4188ab14e0dc.php 第 353 行.
INFO: Run Behavior\ParseTemplateBehavior [ RunTime:0.014001s ]
INFO: [ view_parse ] --END-- [ RunTime:0.014001s ]
INFO: [ view_filter ] --START--
INFO: Run Behavior\WriteHtmlCacheBehavior [ RunTime:0.001000s ]
INFO: [ view_filter ] --END-- [ RunTime:0.001000s ]
INFO: [ app_end ] --START--
INFO: Run Behavior\ShowPageTraceBehavior [ RunTime:0.001000s ]
INFO: [ app_end ] --END-- [ RunTime:0.001000s ]

[ 2016-09-17T20:45:33+08:00 ] ::1 /index.php/Admin/Moulds/Index/cid/10
INFO: [ app_init ] --START--
INFO: Run Behavior\BuildLiteBehavior [ RunTime:0.000000s ]
INFO: [ app_init ] --END-- [ RunTime:0.001000s ]
INFO: [ app_begin ] --START--
INFO: Run Behavior\ReadHtmlCacheBehavior [ RunTime:0.001000s ]
INFO: [ app_begin ] --END-- [ RunTime:0.001000s ]
SQL: SHOW COLUMNS FROM `customer` [ RunTime:0.0070s ]
SQL: SELECT * FROM `customer`  [ RunTime:0.0010s ]
SQL: SELECT `c_name` FROM `customer` WHERE `id` = 10 LIMIT 1   [ RunTime:0.0000s ]
SQL: SHOW COLUMNS FROM `moulds` [ RunTime:0.0080s ]
SQL: SELECT COUNT(*) AS tp_count FROM `moulds` WHERE `cid` = 10 LIMIT 1   [ RunTime:0.0010s ]
SQL: SELECT COUNT(*) AS tp_count FROM `moulds` WHERE `cid` = 10 LIMIT 1   [ RunTime:0.0010s ]
SQL: SELECT * FROM `moulds` WHERE `cid` = 10 LIMIT 0,25   [ RunTime:0.0000s ]
INFO: [ view_parse ] --START--
INFO: [ template_filter ] --START--
INFO: Run Behavior\ContentReplaceBehavior [ RunTime:0.000000s ]
INFO: [ template_filter ] --END-- [ RunTime:0.000000s ]
NOTIC: [8] Undefined variable: gaikuang D:\Myfiles\workspace\rhfpm\Application\Runtime\Cache\Admin\663915f84112d561fa1f4188ab14e0dc.php 第 321 行.
NOTIC: [8] Undefined variable: kehu D:\Myfiles\workspace\rhfpm\Application\Runtime\Cache\Admin\663915f84112d561fa1f4188ab14e0dc.php 第 326 行.
NOTIC: [8] Undefined variable: hetong D:\Myfiles\workspace\rhfpm\Application\Runtime\Cache\Admin\663915f84112d561fa1f4188ab14e0dc.php 第 342 行.
NOTIC: [8] Undefined variable: xitong D:\Myfiles\workspace\rhfpm\Application\Runtime\Cache\Admin\663915f84112d561fa1f4188ab14e0dc.php 第 353 行.
INFO: Run Behavior\ParseTemplateBehavior [ RunTime:0.011001s ]
INFO: [ view_parse ] --END-- [ RunTime:0.011001s ]
INFO: [ view_filter ] --START--
INFO: Run Behavior\WriteHtmlCacheBehavior [ RunTime:0.001000s ]
INFO: [ view_filter ] --END-- [ RunTime:0.001000s ]
INFO: [ app_end ] --START--
INFO: Run Behavior\ShowPageTraceBehavior [ RunTime:0.000000s ]
INFO: [ app_end ] --END-- [ RunTime:0.001000s ]

[ 2016-09-17T20:45:34+08:00 ] ::1 /index.php/Admin/Moulds/Index/cid/11
INFO: [ app_init ] --START--
INFO: Run Behavior\BuildLiteBehavior [ RunTime:0.000000s ]
INFO: [ app_init ] --END-- [ RunTime:0.001000s ]
INFO: [ app_begin ] --START--
INFO: Run Behavior\ReadHtmlCacheBehavior [ RunTime:0.000000s ]
INFO: [ app_begin ] --END-- [ RunTime:0.000000s ]
SQL: SHOW COLUMNS FROM `customer` [ RunTime:0.0040s ]
SQL: SELECT * FROM `customer`  [ RunTime:0.0010s ]
SQL: SELECT `c_name` FROM `customer` WHERE `id` = 11 LIMIT 1   [ RunTime:0.0000s ]
SQL: SHOW COLUMNS FROM `moulds` [ RunTime:0.0030s ]
SQL: SELECT COUNT(*) AS tp_count FROM `moulds` WHERE `cid` = 11 LIMIT 1   [ RunTime:0.0010s ]
SQL: SELECT COUNT(*) AS tp_count FROM `moulds` WHERE `cid` = 11 LIMIT 1   [ RunTime:0.0000s ]
SQL: SELECT * FROM `moulds` WHERE `cid` = 11 LIMIT 0,25   [ RunTime:0.0000s ]
INFO: [ view_parse ] --START--
INFO: [ template_filter ] --START--
INFO: Run Behavior\ContentReplaceBehavior [ RunTime:0.000000s ]
INFO: [ template_filter ] --END-- [ RunTime:0.000000s ]
NOTIC: [8] Undefined variable: gaikuang D:\Myfiles\workspace\rhfpm\Application\Runtime\Cache\Admin\663915f84112d561fa1f4188ab14e0dc.php 第 321 行.
NOTIC: [8] Undefined variable: kehu D:\Myfiles\workspace\rhfpm\Application\Runtime\Cache\Admin\663915f84112d561fa1f4188ab14e0dc.php 第 326 行.
NOTIC: [8] Undefined variable: hetong D:\Myfiles\workspace\rhfpm\Application\Runtime\Cache\Admin\663915f84112d561fa1f4188ab14e0dc.php 第 342 行.
NOTIC: [8] Undefined variable: xitong D:\Myfiles\workspace\rhfpm\Application\Runtime\Cache\Admin\663915f84112d561fa1f4188ab14e0dc.php 第 353 行.
INFO: Run Behavior\ParseTemplateBehavior [ RunTime:0.010000s ]
INFO: [ view_parse ] --END-- [ RunTime:0.010000s ]
INFO: [ view_filter ] --START--
INFO: Run Behavior\WriteHtmlCacheBehavior [ RunTime:0.000000s ]
INFO: [ view_filter ] --END-- [ RunTime:0.000000s ]
INFO: [ app_end ] --START--
INFO: Run Behavior\ShowPageTraceBehavior [ RunTime:0.000000s ]
INFO: [ app_end ] --END-- [ RunTime:0.000000s ]

[ 2016-09-17T20:45:35+08:00 ] ::1 /index.php/Admin/Moulds/Index/cid/13
INFO: [ app_init ] --START--
INFO: Run Behavior\BuildLiteBehavior [ RunTime:0.000000s ]
INFO: [ app_init ] --END-- [ RunTime:0.000000s ]
INFO: [ app_begin ] --START--
INFO: Run Behavior\ReadHtmlCacheBehavior [ RunTime:0.001000s ]
INFO: [ app_begin ] --END-- [ RunTime:0.001000s ]
SQL: SHOW COLUMNS FROM `customer` [ RunTime:0.0090s ]
SQL: SELECT * FROM `customer`  [ RunTime:0.0010s ]
SQL: SELECT `c_name` FROM `customer` WHERE `id` = 13 LIMIT 1   [ RunTime:0.0010s ]
SQL: SHOW COLUMNS FROM `moulds` [ RunTime:0.0040s ]
SQL: SELECT COUNT(*) AS tp_count FROM `moulds` WHERE `cid` = 13 LIMIT 1   [ RunTime:0.0000s ]
SQL: SELECT COUNT(*) AS tp_count FROM `moulds` WHERE `cid` = 13 LIMIT 1   [ RunTime:0.0000s ]
SQL: SELECT * FROM `moulds` WHERE `cid` = 13 LIMIT 0,25   [ RunTime:0.0010s ]
INFO: [ view_parse ] --START--
INFO: [ template_filter ] --START--
INFO: Run Behavior\ContentReplaceBehavior [ RunTime:0.001000s ]
INFO: [ template_filter ] --END-- [ RunTime:0.001000s ]
NOTIC: [8] Undefined variable: gaikuang D:\Myfiles\workspace\rhfpm\Application\Runtime\Cache\Admin\663915f84112d561fa1f4188ab14e0dc.php 第 321 行.
NOTIC: [8] Undefined variable: kehu D:\Myfiles\workspace\rhfpm\Application\Runtime\Cache\Admin\663915f84112d561fa1f4188ab14e0dc.php 第 326 行.
NOTIC: [8] Undefined variable: hetong D:\Myfiles\workspace\rhfpm\Application\Runtime\Cache\Admin\663915f84112d561fa1f4188ab14e0dc.php 第 342 行.
NOTIC: [8] Undefined variable: xitong D:\Myfiles\workspace\rhfpm\Application\Runtime\Cache\Admin\663915f84112d561fa1f4188ab14e0dc.php 第 353 行.
INFO: Run Behavior\ParseTemplateBehavior [ RunTime:0.017001s ]
INFO: [ view_parse ] --END-- [ RunTime:0.017001s ]
INFO: [ view_filter ] --START--
INFO: Run Behavior\WriteHtmlCacheBehavior [ RunTime:0.000000s ]
INFO: [ view_filter ] --END-- [ RunTime:0.000000s ]
INFO: [ app_end ] --START--
INFO: Run Behavior\ShowPageTraceBehavior [ RunTime:0.001000s ]
INFO: [ app_end ] --END-- [ RunTime:0.001000s ]

[ 2016-09-17T20:45:36+08:00 ] ::1 /index.php/Admin/Moulds/Index/cid/14
INFO: [ app_init ] --START--
INFO: Run Behavior\BuildLiteBehavior [ RunTime:0.000000s ]
INFO: [ app_init ] --END-- [ RunTime:0.001000s ]
INFO: [ app_begin ] --START--
INFO: Run Behavior\ReadHtmlCacheBehavior [ RunTime:0.000000s ]
INFO: [ app_begin ] --END-- [ RunTime:0.000000s ]
SQL: SHOW COLUMNS FROM `customer` [ RunTime:0.0040s ]
SQL: SELECT * FROM `customer`  [ RunTime:0.0010s ]
SQL: SELECT `c_name` FROM `customer` WHERE `id` = 14 LIMIT 1   [ RunTime:0.0000s ]
SQL: SHOW COLUMNS FROM `moulds` [ RunTime:0.0030s ]
SQL: SELECT COUNT(*) AS tp_count FROM `moulds` WHERE `cid` = 14 LIMIT 1   [ RunTime:0.0010s ]
SQL: SELECT COUNT(*) AS tp_count FROM `moulds` WHERE `cid` = 14 LIMIT 1   [ RunTime:0.0000s ]
SQL: SELECT * FROM `moulds` WHERE `cid` = 14 LIMIT 0,25   [ RunTime:0.0000s ]
INFO: [ view_parse ] --START--
INFO: [ template_filter ] --START--
INFO: Run Behavior\ContentReplaceBehavior [ RunTime:0.000000s ]
INFO: [ template_filter ] --END-- [ RunTime:0.000000s ]
NOTIC: [8] Undefined variable: gaikuang D:\Myfiles\workspace\rhfpm\Application\Runtime\Cache\Admin\663915f84112d561fa1f4188ab14e0dc.php 第 321 行.
NOTIC: [8] Undefined variable: kehu D:\Myfiles\workspace\rhfpm\Application\Runtime\Cache\Admin\663915f84112d561fa1f4188ab14e0dc.php 第 326 行.
NOTIC: [8] Undefined variable: hetong D:\Myfiles\workspace\rhfpm\Application\Runtime\Cache\Admin\663915f84112d561fa1f4188ab14e0dc.php 第 342 行.
NOTIC: [8] Undefined variable: xitong D:\Myfiles\workspace\rhfpm\Application\Runtime\Cache\Admin\663915f84112d561fa1f4188ab14e0dc.php 第 353 行.
INFO: Run Behavior\ParseTemplateBehavior [ RunTime:0.011001s ]
INFO: [ view_parse ] --END-- [ RunTime:0.011001s ]
INFO: [ view_filter ] --START--
INFO: Run Behavior\WriteHtmlCacheBehavior [ RunTime:0.000000s ]
INFO: [ view_filter ] --END-- [ RunTime:0.000000s ]
INFO: [ app_end ] --START--
INFO: Run Behavior\ShowPageTraceBehavior [ RunTime:0.001000s ]
INFO: [ app_end ] --END-- [ RunTime:0.001000s ]

[ 2016-09-17T20:45:36+08:00 ] ::1 /index.php/Admin/Moulds/Index/cid/15
INFO: [ app_init ] --START--
INFO: Run Behavior\BuildLiteBehavior [ RunTime:0.000000s ]
INFO: [ app_init ] --END-- [ RunTime:0.000000s ]
INFO: [ app_begin ] --START--
INFO: Run Behavior\ReadHtmlCacheBehavior [ RunTime:0.001000s ]
INFO: [ app_begin ] --END-- [ RunTime:0.001000s ]
SQL: SHOW COLUMNS FROM `customer` [ RunTime:0.0050s ]
SQL: SELECT * FROM `customer`  [ RunTime:0.0000s ]
SQL: SELECT `c_name` FROM `customer` WHERE `id` = 15 LIMIT 1   [ RunTime:0.0010s ]
SQL: SHOW COLUMNS FROM `moulds` [ RunTime:0.0040s ]
SQL: SELECT COUNT(*) AS tp_count FROM `moulds` WHERE `cid` = 15 LIMIT 1   [ RunTime:0.0000s ]
SQL: SELECT COUNT(*) AS tp_count FROM `moulds` WHERE `cid` = 15 LIMIT 1   [ RunTime:0.0000s ]
SQL: SELECT * FROM `moulds` WHERE `cid` = 15 LIMIT 0,25   [ RunTime:0.0000s ]
INFO: [ view_parse ] --START--
INFO: [ template_filter ] --START--
INFO: Run Behavior\ContentReplaceBehavior [ RunTime:0.001000s ]
INFO: [ template_filter ] --END-- [ RunTime:0.001000s ]
NOTIC: [8] Undefined variable: gaikuang D:\Myfiles\workspace\rhfpm\Application\Runtime\Cache\Admin\663915f84112d561fa1f4188ab14e0dc.php 第 321 行.
NOTIC: [8] Undefined variable: kehu D:\Myfiles\workspace\rhfpm\Application\Runtime\Cache\Admin\663915f84112d561fa1f4188ab14e0dc.php 第 326 行.
NOTIC: [8] Undefined variable: hetong D:\Myfiles\workspace\rhfpm\Application\Runtime\Cache\Admin\663915f84112d561fa1f4188ab14e0dc.php 第 342 行.
NOTIC: [8] Undefined variable: xitong D:\Myfiles\workspace\rhfpm\Application\Runtime\Cache\Admin\663915f84112d561fa1f4188ab14e0dc.php 第 353 行.
INFO: Run Behavior\ParseTemplateBehavior [ RunTime:0.010001s ]
INFO: [ view_parse ] --END-- [ RunTime:0.010001s ]
INFO: [ view_filter ] --START--
INFO: Run Behavior\WriteHtmlCacheBehavior [ RunTime:0.000000s ]
INFO: [ view_filter ] --END-- [ RunTime:0.000000s ]
INFO: [ app_end ] --START--
INFO: Run Behavior\ShowPageTraceBehavior [ RunTime:0.000000s ]
INFO: [ app_end ] --END-- [ RunTime:0.000000s ]

[ 2016-09-17T20:45:37+08:00 ] ::1 /index.php/Admin/Moulds/Index/cid/16
INFO: [ app_init ] --START--
INFO: Run Behavior\BuildLiteBehavior [ RunTime:0.000000s ]
INFO: [ app_init ] --END-- [ RunTime:0.000000s ]
INFO: [ app_begin ] --START--
INFO: Run Behavior\ReadHtmlCacheBehavior [ RunTime:0.001000s ]
INFO: [ app_begin ] --END-- [ RunTime:0.001000s ]
SQL: SHOW COLUMNS FROM `customer` [ RunTime:0.0040s ]
SQL: SELECT * FROM `customer`  [ RunTime:0.0010s ]
SQL: SELECT `c_name` FROM `customer` WHERE `id` = 16 LIMIT 1   [ RunTime:0.0000s ]
SQL: SHOW COLUMNS FROM `moulds` [ RunTime:0.0040s ]
SQL: SELECT COUNT(*) AS tp_count FROM `moulds` WHERE `cid` = 16 LIMIT 1   [ RunTime:0.0000s ]
SQL: SELECT COUNT(*) AS tp_count FROM `moulds` WHERE `cid` = 16 LIMIT 1   [ RunTime:0.0000s ]
SQL: SELECT * FROM `moulds` WHERE `cid` = 16 LIMIT 0,25   [ RunTime:0.0000s ]
INFO: [ view_parse ] --START--
INFO: [ template_filter ] --START--
INFO: Run Behavior\ContentReplaceBehavior [ RunTime:0.001000s ]
INFO: [ template_filter ] --END-- [ RunTime:0.001000s ]
NOTIC: [8] Undefined variable: gaikuang D:\Myfiles\workspace\rhfpm\Application\Runtime\Cache\Admin\663915f84112d561fa1f4188ab14e0dc.php 第 321 行.
NOTIC: [8] Undefined variable: kehu D:\Myfiles\workspace\rhfpm\Application\Runtime\Cache\Admin\663915f84112d561fa1f4188ab14e0dc.php 第 326 行.
NOTIC: [8] Undefined variable: hetong D:\Myfiles\workspace\rhfpm\Application\Runtime\Cache\Admin\663915f84112d561fa1f4188ab14e0dc.php 第 342 行.
NOTIC: [8] Undefined variable: xitong D:\Myfiles\workspace\rhfpm\Application\Runtime\Cache\Admin\663915f84112d561fa1f4188ab14e0dc.php 第 353 行.
INFO: Run Behavior\ParseTemplateBehavior [ RunTime:0.014000s ]
INFO: [ view_parse ] --END-- [ RunTime:0.014000s ]
INFO: [ view_filter ] --START--
INFO: Run Behavior\WriteHtmlCacheBehavior [ RunTime:0.000000s ]
INFO: [ view_filter ] --END-- [ RunTime:0.000000s ]
INFO: [ app_end ] --START--
INFO: Run Behavior\ShowPageTraceBehavior [ RunTime:0.000000s ]
INFO: [ app_end ] --END-- [ RunTime:0.000000s ]

[ 2016-09-17T20:45:40+08:00 ] ::1 /index.php/Admin/Contract
INFO: [ app_init ] --START--
INFO: Run Behavior\BuildLiteBehavior [ RunTime:0.000000s ]
INFO: [ app_init ] --END-- [ RunTime:0.001000s ]
INFO: [ app_begin ] --START--
INFO: Run Behavior\ReadHtmlCacheBehavior [ RunTime:0.001001s ]
INFO: [ app_begin ] --END-- [ RunTime:0.001001s ]
SQL: SHOW COLUMNS FROM `contract` [ RunTime:0.0070s ]
SQL: SELECT COUNT(*) AS tp_count FROM `contract` ORDER BY id DESC LIMIT 1   [ RunTime:0.0000s ]
SQL: SELECT * FROM `contract` ORDER BY id DESC LIMIT 0,25   [ RunTime:0.0000s ]
INFO: [ view_parse ] --START--
INFO: [ template_filter ] --START--
INFO: Run Behavior\ContentReplaceBehavior [ RunTime:0.001000s ]
INFO: [ template_filter ] --END-- [ RunTime:0.001000s ]
NOTIC: [8] Undefined variable: username D:\Myfiles\workspace\rhfpm\Application\Runtime\Cache\Admin\e5c588f4f760464e5a23f92fb5ead023.php 第 254 行.
NOTIC: [8] Undefined variable: username D:\Myfiles\workspace\rhfpm\Application\Runtime\Cache\Admin\e5c588f4f760464e5a23f92fb5ead023.php 第 303 行.
NOTIC: [8] Undefined variable: gaikuang D:\Myfiles\workspace\rhfpm\Application\Runtime\Cache\Admin\e5c588f4f760464e5a23f92fb5ead023.php 第 320 行.
NOTIC: [8] Undefined variable: kehu D:\Myfiles\workspace\rhfpm\Application\Runtime\Cache\Admin\e5c588f4f760464e5a23f92fb5ead023.php 第 325 行.
NOTIC: [8] Undefined variable: shangpin D:\Myfiles\workspace\rhfpm\Application\Runtime\Cache\Admin\e5c588f4f760464e5a23f92fb5ead023.php 第 330 行.
NOTIC: [8] Undefined variable: xitong D:\Myfiles\workspace\rhfpm\Application\Runtime\Cache\Admin\e5c588f4f760464e5a23f92fb5ead023.php 第 352 行.
INFO: Run Behavior\ParseTemplateBehavior [ RunTime:0.029002s ]
INFO: [ view_parse ] --END-- [ RunTime:0.029002s ]
INFO: [ view_filter ] --START--
INFO: Run Behavior\WriteHtmlCacheBehavior [ RunTime:0.000000s ]
INFO: [ view_filter ] --END-- [ RunTime:0.000000s ]
INFO: [ app_end ] --START--
INFO: Run Behavior\ShowPageTraceBehavior [ RunTime:0.001000s ]
INFO: [ app_end ] --END-- [ RunTime:0.001000s ]

[ 2016-09-17T20:45:42+08:00 ] ::1 /index.php/Admin/User
INFO: [ app_init ] --START--
INFO: Run Behavior\BuildLiteBehavior [ RunTime:0.000000s ]
INFO: [ app_init ] --END-- [ RunTime:0.000000s ]
INFO: [ app_begin ] --START--
INFO: Run Behavior\ReadHtmlCacheBehavior [ RunTime:0.001000s ]
INFO: [ app_begin ] --END-- [ RunTime:0.001000s ]
SQL: SHOW COLUMNS FROM `user` [ RunTime:0.0070s ]
SQL: SELECT COUNT(*) AS tp_count FROM `user` ORDER BY id DESC LIMIT 1   [ RunTime:0.0000s ]
SQL: SELECT * FROM `user` ORDER BY id DESC LIMIT 0,25   [ RunTime:0.0000s ]
INFO: [ view_parse ] --START--
INFO: [ template_filter ] --START--
INFO: Run Behavior\ContentReplaceBehavior [ RunTime:0.000000s ]
INFO: [ template_filter ] --END-- [ RunTime:0.000000s ]
NOTIC: [8] Undefined variable: username D:\Myfiles\workspace\rhfpm\Application\Runtime\Cache\Admin\40e15a767f36c06afd02d63f7affa4e1.php 第 255 行.
NOTIC: [8] Undefined variable: username D:\Myfiles\workspace\rhfpm\Application\Runtime\Cache\Admin\40e15a767f36c06afd02d63f7affa4e1.php 第 304 行.
NOTIC: [8] Undefined variable: gaikuang D:\Myfiles\workspace\rhfpm\Application\Runtime\Cache\Admin\40e15a767f36c06afd02d63f7affa4e1.php 第 321 行.
NOTIC: [8] Undefined variable: kehu D:\Myfiles\workspace\rhfpm\Application\Runtime\Cache\Admin\40e15a767f36c06afd02d63f7affa4e1.php 第 326 行.
NOTIC: [8] Undefined variable: shangpin D:\Myfiles\workspace\rhfpm\Application\Runtime\Cache\Admin\40e15a767f36c06afd02d63f7affa4e1.php 第 331 行.
NOTIC: [8] Undefined variable: hetong D:\Myfiles\workspace\rhfpm\Application\Runtime\Cache\Admin\40e15a767f36c06afd02d63f7affa4e1.php 第 342 行.
INFO: Run Behavior\ParseTemplateBehavior [ RunTime:0.029002s ]
INFO: [ view_parse ] --END-- [ RunTime:0.029002s ]
INFO: [ view_filter ] --START--
INFO: Run Behavior\WriteHtmlCacheBehavior [ RunTime:0.000000s ]
INFO: [ view_filter ] --END-- [ RunTime:0.001000s ]
INFO: [ app_end ] --START--
INFO: Run Behavior\ShowPageTraceBehavior [ RunTime:0.001000s ]
INFO: [ app_end ] --END-- [ RunTime:0.001000s ]

[ 2016-09-17T20:45:45+08:00 ] ::1 /index.php/Admin/Index/logout
INFO: [ app_init ] --START--
INFO: Run Behavior\BuildLiteBehavior [ RunTime:0.000000s ]
INFO: [ app_init ] --END-- [ RunTime:0.000000s ]
INFO: [ app_begin ] --START--
INFO: Run Behavior\ReadHtmlCacheBehavior [ RunTime:0.001000s ]
INFO: [ app_begin ] --END-- [ RunTime:0.001000s ]
INFO: [ view_parse ] --START--
INFO: [ template_filter ] --START--
INFO: Run Behavior\ContentReplaceBehavior [ RunTime:0.000000s ]
INFO: [ template_filter ] --END-- [ RunTime:0.000000s ]
INFO: Run Behavior\ParseTemplateBehavior [ RunTime:0.007000s ]
INFO: [ view_parse ] --END-- [ RunTime:0.007000s ]
INFO: [ view_filter ] --START--
INFO: Run Behavior\WriteHtmlCacheBehavior [ RunTime:0.000000s ]
INFO: [ view_filter ] --END-- [ RunTime:0.000000s ]
INFO: [ app_end ] --START--
INFO: Run Behavior\ShowPageTraceBehavior [ RunTime:0.001000s ]
INFO: [ app_end ] --END-- [ RunTime:0.001000s ]

