[ 2016-09-16T22:24:30+08:00 ] ::1 /index.php/Admin/index.html
INFO: [ app_init ] --START--
INFO: Run Behavior\BuildLiteBehavior [ RunTime:0.000000s ]
INFO: [ app_init ] --END-- [ RunTime:0.001000s ]
INFO: [ app_begin ] --START--
INFO: Run Behavior\ReadHtmlCacheBehavior [ RunTime:0.000000s ]
INFO: [ app_begin ] --END-- [ RunTime:0.000000s ]
INFO: [ view_parse ] --START--
INFO: [ template_filter ] --START--
INFO: Run Behavior\ContentReplaceBehavior [ RunTime:0.000000s ]
INFO: [ template_filter ] --END-- [ RunTime:0.001000s ]
NOTIC: [8] Undefined variable: kehu D:\Myfiles\workspace\rhfpm\Application\Runtime\Cache\Admin\eea688c288fc97c3a0cfe11b847f7230.php 第 325 行.
NOTIC: [8] Undefined variable: shangpin D:\Myfiles\workspace\rhfpm\Application\Runtime\Cache\Admin\eea688c288fc97c3a0cfe11b847f7230.php 第 330 行.
NOTIC: [8] Undefined variable: hetong D:\Myfiles\workspace\rhfpm\Application\Runtime\Cache\Admin\eea688c288fc97c3a0cfe11b847f7230.php 第 341 行.
NOTIC: [8] Undefined variable: xitong D:\Myfiles\workspace\rhfpm\Application\Runtime\Cache\Admin\eea688c288fc97c3a0cfe11b847f7230.php 第 352 行.
INFO: Run Behavior\ParseTemplateBehavior [ RunTime:0.062004s ]
INFO: [ view_parse ] --END-- [ RunTime:0.062004s ]
INFO: [ view_filter ] --START--
INFO: Run Behavior\WriteHtmlCacheBehavior [ RunTime:0.000000s ]
INFO: [ view_filter ] --END-- [ RunTime:0.001000s ]
INFO: [ app_end ] --START--
INFO: Run Behavior\ShowPageTraceBehavior [ RunTime:0.001000s ]
INFO: [ app_end ] --END-- [ RunTime:0.001000s ]

[ 2016-09-16T22:24:35+08:00 ] ::1 /index.php/Admin/Customer
INFO: [ app_init ] --START--
INFO: Run Behavior\BuildLiteBehavior [ RunTime:0.000000s ]
INFO: [ app_init ] --END-- [ RunTime:0.001000s ]
INFO: [ app_begin ] --START--
INFO: Run Behavior\ReadHtmlCacheBehavior [ RunTime:0.001000s ]
INFO: [ app_begin ] --END-- [ RunTime:0.001000s ]
SQL: SHOW COLUMNS FROM `customer` [ RunTime:0.0230s ]
SQL: SELECT COUNT(*) AS tp_count FROM `customer` ORDER BY id DESC LIMIT 1   [ RunTime:0.0000s ]
SQL: SELECT * FROM `customer` ORDER BY id DESC LIMIT 0,25   [ RunTime:0.0010s ]
INFO: [ view_parse ] --START--
INFO: [ template_filter ] --START--
INFO: Run Behavior\ContentReplaceBehavior [ RunTime:0.001000s ]
INFO: [ template_filter ] --END-- [ RunTime:0.001000s ]
NOTIC: [8] Undefined variable: username D:\Myfiles\workspace\rhfpm\Application\Runtime\Cache\Admin\854a26db4864f286c7281e78002411c0.php 第 255 行.
NOTIC: [8] Undefined variable: username D:\Myfiles\workspace\rhfpm\Application\Runtime\Cache\Admin\854a26db4864f286c7281e78002411c0.php 第 304 行.
NOTIC: [8] Undefined variable: gaikuang D:\Myfiles\workspace\rhfpm\Application\Runtime\Cache\Admin\854a26db4864f286c7281e78002411c0.php 第 321 行.
NOTIC: [8] Undefined variable: shangpin D:\Myfiles\workspace\rhfpm\Application\Runtime\Cache\Admin\854a26db4864f286c7281e78002411c0.php 第 331 行.
NOTIC: [8] Undefined variable: hetong D:\Myfiles\workspace\rhfpm\Application\Runtime\Cache\Admin\854a26db4864f286c7281e78002411c0.php 第 342 行.
NOTIC: [8] Undefined variable: xitong D:\Myfiles\workspace\rhfpm\Application\Runtime\Cache\Admin\854a26db4864f286c7281e78002411c0.php 第 353 行.
INFO: Run Behavior\ParseTemplateBehavior [ RunTime:0.042002s ]
INFO: [ view_parse ] --END-- [ RunTime:0.042002s ]
INFO: [ view_filter ] --START--
INFO: Run Behavior\WriteHtmlCacheBehavior [ RunTime:0.001000s ]
INFO: [ view_filter ] --END-- [ RunTime:0.001000s ]
INFO: [ app_end ] --START--
INFO: Run Behavior\ShowPageTraceBehavior [ RunTime:0.001000s ]
INFO: [ app_end ] --END-- [ RunTime:0.001000s ]

[ 2016-09-16T22:24:38+08:00 ] ::1 /index.php/Admin/Customer/index/p/2.html
INFO: [ app_init ] --START--
INFO: Run Behavior\BuildLiteBehavior [ RunTime:0.000000s ]
INFO: [ app_init ] --END-- [ RunTime:0.001000s ]
INFO: [ app_begin ] --START--
INFO: Run Behavior\ReadHtmlCacheBehavior [ RunTime:0.001000s ]
INFO: [ app_begin ] --END-- [ RunTime:0.001000s ]
SQL: SHOW COLUMNS FROM `customer` [ RunTime:0.0030s ]
SQL: SELECT COUNT(*) AS tp_count FROM `customer` ORDER BY id DESC LIMIT 1   [ RunTime:0.0010s ]
SQL: SELECT * FROM `customer` ORDER BY id DESC LIMIT 25,25   [ RunTime:0.0000s ]
INFO: [ view_parse ] --START--
INFO: [ template_filter ] --START--
INFO: Run Behavior\ContentReplaceBehavior [ RunTime:0.001000s ]
INFO: [ template_filter ] --END-- [ RunTime:0.001000s ]
NOTIC: [8] Undefined variable: username D:\Myfiles\workspace\rhfpm\Application\Runtime\Cache\Admin\854a26db4864f286c7281e78002411c0.php 第 255 行.
NOTIC: [8] Undefined variable: username D:\Myfiles\workspace\rhfpm\Application\Runtime\Cache\Admin\854a26db4864f286c7281e78002411c0.php 第 304 行.
NOTIC: [8] Undefined variable: gaikuang D:\Myfiles\workspace\rhfpm\Application\Runtime\Cache\Admin\854a26db4864f286c7281e78002411c0.php 第 321 行.
NOTIC: [8] Undefined variable: shangpin D:\Myfiles\workspace\rhfpm\Application\Runtime\Cache\Admin\854a26db4864f286c7281e78002411c0.php 第 331 行.
NOTIC: [8] Undefined variable: hetong D:\Myfiles\workspace\rhfpm\Application\Runtime\Cache\Admin\854a26db4864f286c7281e78002411c0.php 第 342 行.
NOTIC: [8] Undefined variable: xitong D:\Myfiles\workspace\rhfpm\Application\Runtime\Cache\Admin\854a26db4864f286c7281e78002411c0.php 第 353 行.
INFO: Run Behavior\ParseTemplateBehavior [ RunTime:0.012001s ]
INFO: [ view_parse ] --END-- [ RunTime:0.012001s ]
INFO: [ view_filter ] --START--
INFO: Run Behavior\WriteHtmlCacheBehavior [ RunTime:0.000000s ]
INFO: [ view_filter ] --END-- [ RunTime:0.000000s ]
INFO: [ app_end ] --START--
INFO: Run Behavior\ShowPageTraceBehavior [ RunTime:0.001000s ]
INFO: [ app_end ] --END-- [ RunTime:0.001000s ]

[ 2016-09-16T22:24:39+08:00 ] ::1 /index.php/Admin/Moulds/index/cid/1
INFO: [ app_init ] --START--
INFO: Run Behavior\BuildLiteBehavior [ RunTime:0.000000s ]
INFO: [ app_init ] --END-- [ RunTime:0.000000s ]
INFO: [ app_begin ] --START--
INFO: Run Behavior\ReadHtmlCacheBehavior [ RunTime:0.000000s ]
INFO: [ app_begin ] --END-- [ RunTime:0.001000s ]
SQL: SHOW COLUMNS FROM `customer` [ RunTime:0.0050s ]
SQL: SELECT * FROM `customer`  [ RunTime:0.0000s ]
SQL: SELECT `c_name` FROM `customer` WHERE `id` = 1 LIMIT 1   [ RunTime:0.0000s ]
SQL: SHOW COLUMNS FROM `moulds` [ RunTime:0.0430s ]
SQL: SELECT COUNT(*) AS tp_count FROM `moulds` WHERE `cid` = 1 LIMIT 1   [ RunTime:0.0010s ]
SQL: SELECT COUNT(*) AS tp_count FROM `moulds` WHERE `cid` = 1 LIMIT 1   [ RunTime:0.0010s ]
SQL: SELECT * FROM `moulds` WHERE `cid` = 1 LIMIT 0,25   [ RunTime:0.0010s ]
INFO: [ view_parse ] --START--
INFO: [ template_filter ] --START--
INFO: Run Behavior\ContentReplaceBehavior [ RunTime:0.000000s ]
INFO: [ template_filter ] --END-- [ RunTime:0.001000s ]
NOTIC: [8] Undefined variable: gaikuang D:\Myfiles\workspace\rhfpm\Application\Runtime\Cache\Admin\663915f84112d561fa1f4188ab14e0dc.php 第 321 行.
NOTIC: [8] Undefined variable: kehu D:\Myfiles\workspace\rhfpm\Application\Runtime\Cache\Admin\663915f84112d561fa1f4188ab14e0dc.php 第 326 行.
NOTIC: [8] Undefined variable: hetong D:\Myfiles\workspace\rhfpm\Application\Runtime\Cache\Admin\663915f84112d561fa1f4188ab14e0dc.php 第 342 行.
NOTIC: [8] Undefined variable: xitong D:\Myfiles\workspace\rhfpm\Application\Runtime\Cache\Admin\663915f84112d561fa1f4188ab14e0dc.php 第 353 行.
INFO: Run Behavior\ParseTemplateBehavior [ RunTime:0.032001s ]
INFO: [ view_parse ] --END-- [ RunTime:0.032001s ]
INFO: [ view_filter ] --START--
INFO: Run Behavior\WriteHtmlCacheBehavior [ RunTime:0.001000s ]
INFO: [ view_filter ] --END-- [ RunTime:0.001000s ]
INFO: [ app_end ] --START--
INFO: Run Behavior\ShowPageTraceBehavior [ RunTime:0.001001s ]
INFO: [ app_end ] --END-- [ RunTime:0.001001s ]

[ 2016-09-16T22:24:46+08:00 ] ::1 /index.php/Admin/Moulds/Index/cid/2
INFO: [ app_init ] --START--
INFO: Run Behavior\BuildLiteBehavior [ RunTime:0.000000s ]
INFO: [ app_init ] --END-- [ RunTime:0.001000s ]
INFO: [ app_begin ] --START--
INFO: Run Behavior\ReadHtmlCacheBehavior [ RunTime:0.001000s ]
INFO: [ app_begin ] --END-- [ RunTime:0.001000s ]
SQL: SHOW COLUMNS FROM `customer` [ RunTime:0.0070s ]
SQL: SELECT * FROM `customer`  [ RunTime:0.0010s ]
SQL: SELECT `c_name` FROM `customer` WHERE `id` = 2 LIMIT 1   [ RunTime:0.0000s ]
SQL: SHOW COLUMNS FROM `moulds` [ RunTime:0.0070s ]
SQL: SELECT COUNT(*) AS tp_count FROM `moulds` WHERE `cid` = 2 LIMIT 1   [ RunTime:0.0010s ]
SQL: SELECT COUNT(*) AS tp_count FROM `moulds` WHERE `cid` = 2 LIMIT 1   [ RunTime:0.0000s ]
SQL: SELECT * FROM `moulds` WHERE `cid` = 2 LIMIT 0,25   [ RunTime:0.0010s ]
INFO: [ view_parse ] --START--
INFO: [ template_filter ] --START--
INFO: Run Behavior\ContentReplaceBehavior [ RunTime:0.000000s ]
INFO: [ template_filter ] --END-- [ RunTime:0.000000s ]
NOTIC: [8] Undefined variable: gaikuang D:\Myfiles\workspace\rhfpm\Application\Runtime\Cache\Admin\663915f84112d561fa1f4188ab14e0dc.php 第 321 行.
NOTIC: [8] Undefined variable: kehu D:\Myfiles\workspace\rhfpm\Application\Runtime\Cache\Admin\663915f84112d561fa1f4188ab14e0dc.php 第 326 行.
NOTIC: [8] Undefined variable: hetong D:\Myfiles\workspace\rhfpm\Application\Runtime\Cache\Admin\663915f84112d561fa1f4188ab14e0dc.php 第 342 行.
NOTIC: [8] Undefined variable: xitong D:\Myfiles\workspace\rhfpm\Application\Runtime\Cache\Admin\663915f84112d561fa1f4188ab14e0dc.php 第 353 行.
INFO: Run Behavior\ParseTemplateBehavior [ RunTime:0.022001s ]
INFO: [ view_parse ] --END-- [ RunTime:0.022001s ]
INFO: [ view_filter ] --START--
INFO: Run Behavior\WriteHtmlCacheBehavior [ RunTime:0.001000s ]
INFO: [ view_filter ] --END-- [ RunTime:0.001000s ]
INFO: [ app_end ] --START--
INFO: Run Behavior\ShowPageTraceBehavior [ RunTime:0.001000s ]
INFO: [ app_end ] --END-- [ RunTime:0.001000s ]

[ 2016-09-16T22:24:47+08:00 ] ::1 /index.php/Admin/Moulds/Index/cid/-1
INFO: [ app_init ] --START--
INFO: Run Behavior\BuildLiteBehavior [ RunTime:0.000000s ]
INFO: [ app_init ] --END-- [ RunTime:0.001000s ]
INFO: [ app_begin ] --START--
INFO: Run Behavior\ReadHtmlCacheBehavior [ RunTime:0.001000s ]
INFO: [ app_begin ] --END-- [ RunTime:0.001000s ]
SQL: SHOW COLUMNS FROM `customer` [ RunTime:0.0030s ]
SQL: SELECT * FROM `customer`  [ RunTime:0.0000s ]
SQL: SHOW COLUMNS FROM `moulds` [ RunTime:0.0040s ]
SQL: SELECT COUNT(*) AS tp_count FROM `moulds` LIMIT 1   [ RunTime:0.0000s ]
SQL: SELECT COUNT(*) AS tp_count FROM `moulds` ORDER BY id DESC LIMIT 1   [ RunTime:0.0000s ]
SQL: SELECT * FROM `moulds` LIMIT 0,25   [ RunTime:0.0000s ]
INFO: [ view_parse ] --START--
INFO: [ template_filter ] --START--
INFO: Run Behavior\ContentReplaceBehavior [ RunTime:0.000000s ]
INFO: [ template_filter ] --END-- [ RunTime:0.000000s ]
NOTIC: [8] Undefined variable: gaikuang D:\Myfiles\workspace\rhfpm\Application\Runtime\Cache\Admin\663915f84112d561fa1f4188ab14e0dc.php 第 321 行.
NOTIC: [8] Undefined variable: kehu D:\Myfiles\workspace\rhfpm\Application\Runtime\Cache\Admin\663915f84112d561fa1f4188ab14e0dc.php 第 326 行.
NOTIC: [8] Undefined variable: hetong D:\Myfiles\workspace\rhfpm\Application\Runtime\Cache\Admin\663915f84112d561fa1f4188ab14e0dc.php 第 342 行.
NOTIC: [8] Undefined variable: xitong D:\Myfiles\workspace\rhfpm\Application\Runtime\Cache\Admin\663915f84112d561fa1f4188ab14e0dc.php 第 353 行.
INFO: Run Behavior\ParseTemplateBehavior [ RunTime:0.011001s ]
INFO: [ view_parse ] --END-- [ RunTime:0.011001s ]
INFO: [ view_filter ] --START--
INFO: Run Behavior\WriteHtmlCacheBehavior [ RunTime:0.001000s ]
INFO: [ view_filter ] --END-- [ RunTime:0.001000s ]
INFO: [ app_end ] --START--
INFO: Run Behavior\ShowPageTraceBehavior [ RunTime:0.000000s ]
INFO: [ app_end ] --END-- [ RunTime:0.000000s ]

[ 2016-09-16T22:24:50+08:00 ] ::1 /index.php/Admin/Moulds/Index/cid/3
INFO: [ app_init ] --START--
INFO: Run Behavior\BuildLiteBehavior [ RunTime:0.000000s ]
INFO: [ app_init ] --END-- [ RunTime:0.000000s ]
INFO: [ app_begin ] --START--
INFO: Run Behavior\ReadHtmlCacheBehavior [ RunTime:0.000000s ]
INFO: [ app_begin ] --END-- [ RunTime:0.000000s ]
SQL: SHOW COLUMNS FROM `customer` [ RunTime:0.0040s ]
SQL: SELECT * FROM `customer`  [ RunTime:0.0000s ]
SQL: SELECT `c_name` FROM `customer` WHERE `id` = 3 LIMIT 1   [ RunTime:0.0000s ]
SQL: SHOW COLUMNS FROM `moulds` [ RunTime:0.0050s ]
SQL: SELECT COUNT(*) AS tp_count FROM `moulds` WHERE `cid` = 3 LIMIT 1   [ RunTime:0.0000s ]
SQL: SELECT COUNT(*) AS tp_count FROM `moulds` WHERE `cid` = 3 LIMIT 1   [ RunTime:0.0000s ]
SQL: SELECT * FROM `moulds` WHERE `cid` = 3 LIMIT 0,25   [ RunTime:0.0010s ]
INFO: [ view_parse ] --START--
INFO: [ template_filter ] --START--
INFO: Run Behavior\ContentReplaceBehavior [ RunTime:0.001000s ]
INFO: [ template_filter ] --END-- [ RunTime:0.001000s ]
NOTIC: [8] Undefined variable: gaikuang D:\Myfiles\workspace\rhfpm\Application\Runtime\Cache\Admin\663915f84112d561fa1f4188ab14e0dc.php 第 321 行.
NOTIC: [8] Undefined variable: kehu D:\Myfiles\workspace\rhfpm\Application\Runtime\Cache\Admin\663915f84112d561fa1f4188ab14e0dc.php 第 326 行.
NOTIC: [8] Undefined variable: hetong D:\Myfiles\workspace\rhfpm\Application\Runtime\Cache\Admin\663915f84112d561fa1f4188ab14e0dc.php 第 342 行.
NOTIC: [8] Undefined variable: xitong D:\Myfiles\workspace\rhfpm\Application\Runtime\Cache\Admin\663915f84112d561fa1f4188ab14e0dc.php 第 353 行.
INFO: Run Behavior\ParseTemplateBehavior [ RunTime:0.014001s ]
INFO: [ view_parse ] --END-- [ RunTime:0.014001s ]
INFO: [ view_filter ] --START--
INFO: Run Behavior\WriteHtmlCacheBehavior [ RunTime:0.000000s ]
INFO: [ view_filter ] --END-- [ RunTime:0.000000s ]
INFO: [ app_end ] --START--
INFO: Run Behavior\ShowPageTraceBehavior [ RunTime:0.001000s ]
INFO: [ app_end ] --END-- [ RunTime:0.001000s ]

[ 2016-09-16T22:24:52+08:00 ] ::1 /index.php/Admin/Moulds/Index/cid/4
INFO: [ app_init ] --START--
INFO: Run Behavior\BuildLiteBehavior [ RunTime:0.000000s ]
INFO: [ app_init ] --END-- [ RunTime:0.000000s ]
INFO: [ app_begin ] --START--
INFO: Run Behavior\ReadHtmlCacheBehavior [ RunTime:0.001000s ]
INFO: [ app_begin ] --END-- [ RunTime:0.001000s ]
SQL: SHOW COLUMNS FROM `customer` [ RunTime:0.0030s ]
SQL: SELECT * FROM `customer`  [ RunTime:0.0000s ]
SQL: SELECT `c_name` FROM `customer` WHERE `id` = 4 LIMIT 1   [ RunTime:0.0000s ]
SQL: SHOW COLUMNS FROM `moulds` [ RunTime:0.0030s ]
SQL: SELECT COUNT(*) AS tp_count FROM `moulds` WHERE `cid` = 4 LIMIT 1   [ RunTime:0.0000s ]
SQL: SELECT COUNT(*) AS tp_count FROM `moulds` WHERE `cid` = 4 LIMIT 1   [ RunTime:0.0000s ]
SQL: SELECT * FROM `moulds` WHERE `cid` = 4 LIMIT 0,25   [ RunTime:0.0010s ]
INFO: [ view_parse ] --START--
INFO: [ template_filter ] --START--
INFO: Run Behavior\ContentReplaceBehavior [ RunTime:0.000000s ]
INFO: [ template_filter ] --END-- [ RunTime:0.000000s ]
NOTIC: [8] Undefined variable: gaikuang D:\Myfiles\workspace\rhfpm\Application\Runtime\Cache\Admin\663915f84112d561fa1f4188ab14e0dc.php 第 321 行.
NOTIC: [8] Undefined variable: kehu D:\Myfiles\workspace\rhfpm\Application\Runtime\Cache\Admin\663915f84112d561fa1f4188ab14e0dc.php 第 326 行.
NOTIC: [8] Undefined variable: hetong D:\Myfiles\workspace\rhfpm\Application\Runtime\Cache\Admin\663915f84112d561fa1f4188ab14e0dc.php 第 342 行.
NOTIC: [8] Undefined variable: xitong D:\Myfiles\workspace\rhfpm\Application\Runtime\Cache\Admin\663915f84112d561fa1f4188ab14e0dc.php 第 353 行.
INFO: Run Behavior\ParseTemplateBehavior [ RunTime:0.010000s ]
INFO: [ view_parse ] --END-- [ RunTime:0.010000s ]
INFO: [ view_filter ] --START--
INFO: Run Behavior\WriteHtmlCacheBehavior [ RunTime:0.000000s ]
INFO: [ view_filter ] --END-- [ RunTime:0.000000s ]
INFO: [ app_end ] --START--
INFO: Run Behavior\ShowPageTraceBehavior [ RunTime:0.001000s ]
INFO: [ app_end ] --END-- [ RunTime:0.001000s ]

[ 2016-09-16T22:24:55+08:00 ] ::1 /index.php/Admin/Moulds/Index/cid/4/p/2.html
INFO: [ app_init ] --START--
INFO: Run Behavior\BuildLiteBehavior [ RunTime:0.000000s ]
INFO: [ app_init ] --END-- [ RunTime:0.000000s ]
INFO: [ app_begin ] --START--
INFO: Run Behavior\ReadHtmlCacheBehavior [ RunTime:0.001000s ]
INFO: [ app_begin ] --END-- [ RunTime:0.001000s ]
SQL: SHOW COLUMNS FROM `customer` [ RunTime:0.0050s ]
SQL: SELECT * FROM `customer`  [ RunTime:0.0000s ]
SQL: SELECT `c_name` FROM `customer` WHERE `id` = 4 LIMIT 1   [ RunTime:0.0010s ]
SQL: SHOW COLUMNS FROM `moulds` [ RunTime:0.0040s ]
SQL: SELECT COUNT(*) AS tp_count FROM `moulds` WHERE `cid` = 4 LIMIT 1   [ RunTime:0.0000s ]
SQL: SELECT COUNT(*) AS tp_count FROM `moulds` WHERE `cid` = 4 LIMIT 1   [ RunTime:0.0010s ]
SQL: SELECT * FROM `moulds` WHERE `cid` = 4 LIMIT 25,25   [ RunTime:0.0010s ]
INFO: [ view_parse ] --START--
INFO: [ template_filter ] --START--
INFO: Run Behavior\ContentReplaceBehavior [ RunTime:0.000000s ]
INFO: [ template_filter ] --END-- [ RunTime:0.000000s ]
NOTIC: [8] Undefined variable: gaikuang D:\Myfiles\workspace\rhfpm\Application\Runtime\Cache\Admin\663915f84112d561fa1f4188ab14e0dc.php 第 321 行.
NOTIC: [8] Undefined variable: kehu D:\Myfiles\workspace\rhfpm\Application\Runtime\Cache\Admin\663915f84112d561fa1f4188ab14e0dc.php 第 326 行.
NOTIC: [8] Undefined variable: hetong D:\Myfiles\workspace\rhfpm\Application\Runtime\Cache\Admin\663915f84112d561fa1f4188ab14e0dc.php 第 342 行.
NOTIC: [8] Undefined variable: xitong D:\Myfiles\workspace\rhfpm\Application\Runtime\Cache\Admin\663915f84112d561fa1f4188ab14e0dc.php 第 353 行.
INFO: Run Behavior\ParseTemplateBehavior [ RunTime:0.014001s ]
INFO: [ view_parse ] --END-- [ RunTime:0.014001s ]
INFO: [ view_filter ] --START--
INFO: Run Behavior\WriteHtmlCacheBehavior [ RunTime:0.001000s ]
INFO: [ view_filter ] --END-- [ RunTime:0.001000s ]
INFO: [ app_end ] --START--
INFO: Run Behavior\ShowPageTraceBehavior [ RunTime:0.001000s ]
INFO: [ app_end ] --END-- [ RunTime:0.001000s ]

[ 2016-09-16T22:24:55+08:00 ] ::1 /index.php/Admin/Goods
INFO: [ app_init ] --START--
INFO: Run Behavior\BuildLiteBehavior [ RunTime:0.000000s ]
INFO: [ app_init ] --END-- [ RunTime:0.000000s ]
INFO: [ app_begin ] --START--
INFO: Run Behavior\ReadHtmlCacheBehavior [ RunTime:0.000000s ]
INFO: [ app_begin ] --END-- [ RunTime:0.001000s ]
SQL: SHOW COLUMNS FROM `goods` [ RunTime:0.0340s ]
SQL: SELECT COUNT(*) AS tp_count FROM `goods` ORDER BY id DESC LIMIT 1   [ RunTime:0.0000s ]
SQL: SELECT * FROM `goods` ORDER BY id DESC LIMIT 0,25   [ RunTime:0.0000s ]
INFO: [ view_parse ] --START--
INFO: [ template_filter ] --START--
INFO: Run Behavior\ContentReplaceBehavior [ RunTime:0.000000s ]
INFO: [ template_filter ] --END-- [ RunTime:0.001000s ]
NOTIC: [8] Undefined variable: username D:\Myfiles\workspace\rhfpm\Application\Runtime\Cache\Admin\180f89ee4212391075a9ba3d84789e47.php 第 255 行.
NOTIC: [8] Undefined variable: username D:\Myfiles\workspace\rhfpm\Application\Runtime\Cache\Admin\180f89ee4212391075a9ba3d84789e47.php 第 304 行.
NOTIC: [8] Undefined variable: gaikuang D:\Myfiles\workspace\rhfpm\Application\Runtime\Cache\Admin\180f89ee4212391075a9ba3d84789e47.php 第 321 行.
NOTIC: [8] Undefined variable: kehu D:\Myfiles\workspace\rhfpm\Application\Runtime\Cache\Admin\180f89ee4212391075a9ba3d84789e47.php 第 326 行.
NOTIC: [8] Undefined variable: hetong D:\Myfiles\workspace\rhfpm\Application\Runtime\Cache\Admin\180f89ee4212391075a9ba3d84789e47.php 第 342 行.
NOTIC: [8] Undefined variable: xitong D:\Myfiles\workspace\rhfpm\Application\Runtime\Cache\Admin\180f89ee4212391075a9ba3d84789e47.php 第 353 行.
INFO: Run Behavior\ParseTemplateBehavior [ RunTime:0.043003s ]
INFO: [ view_parse ] --END-- [ RunTime:0.043003s ]
INFO: [ view_filter ] --START--
INFO: Run Behavior\WriteHtmlCacheBehavior [ RunTime:0.001000s ]
INFO: [ view_filter ] --END-- [ RunTime:0.001000s ]
INFO: [ app_end ] --START--
INFO: Run Behavior\ShowPageTraceBehavior [ RunTime:0.001000s ]
INFO: [ app_end ] --END-- [ RunTime:0.001000s ]

[ 2016-09-16T22:24:58+08:00 ] ::1 /index.php/Admin/Goods/index/p/2.html
INFO: [ app_init ] --START--
INFO: Run Behavior\BuildLiteBehavior [ RunTime:0.000000s ]
INFO: [ app_init ] --END-- [ RunTime:0.000000s ]
INFO: [ app_begin ] --START--
INFO: Run Behavior\ReadHtmlCacheBehavior [ RunTime:0.001000s ]
INFO: [ app_begin ] --END-- [ RunTime:0.001000s ]
SQL: SHOW COLUMNS FROM `goods` [ RunTime:0.0040s ]
SQL: SELECT COUNT(*) AS tp_count FROM `goods` ORDER BY id DESC LIMIT 1   [ RunTime:0.0010s ]
SQL: SELECT * FROM `goods` ORDER BY id DESC LIMIT 25,25   [ RunTime:0.0000s ]
INFO: [ view_parse ] --START--
INFO: [ template_filter ] --START--
INFO: Run Behavior\ContentReplaceBehavior [ RunTime:0.000000s ]
INFO: [ template_filter ] --END-- [ RunTime:0.000000s ]
NOTIC: [8] Undefined variable: username D:\Myfiles\workspace\rhfpm\Application\Runtime\Cache\Admin\180f89ee4212391075a9ba3d84789e47.php 第 255 行.
NOTIC: [8] Undefined variable: username D:\Myfiles\workspace\rhfpm\Application\Runtime\Cache\Admin\180f89ee4212391075a9ba3d84789e47.php 第 304 行.
NOTIC: [8] Undefined variable: gaikuang D:\Myfiles\workspace\rhfpm\Application\Runtime\Cache\Admin\180f89ee4212391075a9ba3d84789e47.php 第 321 行.
NOTIC: [8] Undefined variable: kehu D:\Myfiles\workspace\rhfpm\Application\Runtime\Cache\Admin\180f89ee4212391075a9ba3d84789e47.php 第 326 行.
NOTIC: [8] Undefined variable: hetong D:\Myfiles\workspace\rhfpm\Application\Runtime\Cache\Admin\180f89ee4212391075a9ba3d84789e47.php 第 342 行.
NOTIC: [8] Undefined variable: xitong D:\Myfiles\workspace\rhfpm\Application\Runtime\Cache\Admin\180f89ee4212391075a9ba3d84789e47.php 第 353 行.
INFO: Run Behavior\ParseTemplateBehavior [ RunTime:0.009001s ]
INFO: [ view_parse ] --END-- [ RunTime:0.009001s ]
INFO: [ view_filter ] --START--
INFO: Run Behavior\WriteHtmlCacheBehavior [ RunTime:0.001000s ]
INFO: [ view_filter ] --END-- [ RunTime:0.001000s ]
INFO: [ app_end ] --START--
INFO: Run Behavior\ShowPageTraceBehavior [ RunTime:0.001000s ]
INFO: [ app_end ] --END-- [ RunTime:0.001000s ]

[ 2016-09-16T22:25:04+08:00 ] ::1 /index.php/Admin/Contract
INFO: [ app_init ] --START--
INFO: Run Behavior\BuildLiteBehavior [ RunTime:0.000000s ]
INFO: [ app_init ] --END-- [ RunTime:0.001000s ]
INFO: [ app_begin ] --START--
INFO: Run Behavior\ReadHtmlCacheBehavior [ RunTime:0.000000s ]
INFO: [ app_begin ] --END-- [ RunTime:0.000000s ]
SQL: SHOW COLUMNS FROM `contract` [ RunTime:0.0080s ]
SQL: SELECT COUNT(*) AS tp_count FROM `contract` ORDER BY id DESC LIMIT 1   [ RunTime:0.0000s ]
SQL: SELECT * FROM `contract` ORDER BY id DESC LIMIT 0,25   [ RunTime:0.0010s ]
INFO: [ view_parse ] --START--
INFO: [ template_filter ] --START--
INFO: Run Behavior\ContentReplaceBehavior [ RunTime:0.001000s ]
INFO: [ template_filter ] --END-- [ RunTime:0.001000s ]
NOTIC: [8] Undefined variable: username D:\Myfiles\workspace\rhfpm\Application\Runtime\Cache\Admin\e5c588f4f760464e5a23f92fb5ead023.php 第 254 行.
NOTIC: [8] Undefined variable: username D:\Myfiles\workspace\rhfpm\Application\Runtime\Cache\Admin\e5c588f4f760464e5a23f92fb5ead023.php 第 303 行.
NOTIC: [8] Undefined variable: gaikuang D:\Myfiles\workspace\rhfpm\Application\Runtime\Cache\Admin\e5c588f4f760464e5a23f92fb5ead023.php 第 320 行.
NOTIC: [8] Undefined variable: kehu D:\Myfiles\workspace\rhfpm\Application\Runtime\Cache\Admin\e5c588f4f760464e5a23f92fb5ead023.php 第 325 行.
NOTIC: [8] Undefined variable: shangpin D:\Myfiles\workspace\rhfpm\Application\Runtime\Cache\Admin\e5c588f4f760464e5a23f92fb5ead023.php 第 330 行.
NOTIC: [8] Undefined variable: xitong D:\Myfiles\workspace\rhfpm\Application\Runtime\Cache\Admin\e5c588f4f760464e5a23f92fb5ead023.php 第 352 行.
INFO: Run Behavior\ParseTemplateBehavior [ RunTime:0.031002s ]
INFO: [ view_parse ] --END-- [ RunTime:0.031002s ]
INFO: [ view_filter ] --START--
INFO: Run Behavior\WriteHtmlCacheBehavior [ RunTime:0.001000s ]
INFO: [ view_filter ] --END-- [ RunTime:0.001000s ]
INFO: [ app_end ] --START--
INFO: Run Behavior\ShowPageTraceBehavior [ RunTime:0.001000s ]
INFO: [ app_end ] --END-- [ RunTime:0.001000s ]

[ 2016-09-16T22:25:08+08:00 ] ::1 /index.php/Admin/User
INFO: [ app_init ] --START--
INFO: Run Behavior\BuildLiteBehavior [ RunTime:0.000000s ]
INFO: [ app_init ] --END-- [ RunTime:0.000000s ]
INFO: [ app_begin ] --START--
INFO: Run Behavior\ReadHtmlCacheBehavior [ RunTime:0.000000s ]
INFO: [ app_begin ] --END-- [ RunTime:0.000000s ]
SQL: SHOW COLUMNS FROM `user` [ RunTime:0.0050s ]
SQL: SELECT COUNT(*) AS tp_count FROM `user` ORDER BY id DESC LIMIT 1   [ RunTime:0.0000s ]
SQL: SELECT * FROM `user` ORDER BY id DESC LIMIT 0,25   [ RunTime:0.0000s ]
INFO: [ view_parse ] --START--
INFO: [ template_filter ] --START--
INFO: Run Behavior\ContentReplaceBehavior [ RunTime:0.001000s ]
INFO: [ template_filter ] --END-- [ RunTime:0.001000s ]
NOTIC: [8] Undefined variable: username D:\Myfiles\workspace\rhfpm\Application\Runtime\Cache\Admin\40e15a767f36c06afd02d63f7affa4e1.php 第 255 行.
NOTIC: [8] Undefined variable: username D:\Myfiles\workspace\rhfpm\Application\Runtime\Cache\Admin\40e15a767f36c06afd02d63f7affa4e1.php 第 304 行.
NOTIC: [8] Undefined variable: gaikuang D:\Myfiles\workspace\rhfpm\Application\Runtime\Cache\Admin\40e15a767f36c06afd02d63f7affa4e1.php 第 321 行.
NOTIC: [8] Undefined variable: kehu D:\Myfiles\workspace\rhfpm\Application\Runtime\Cache\Admin\40e15a767f36c06afd02d63f7affa4e1.php 第 326 行.
NOTIC: [8] Undefined variable: shangpin D:\Myfiles\workspace\rhfpm\Application\Runtime\Cache\Admin\40e15a767f36c06afd02d63f7affa4e1.php 第 331 行.
NOTIC: [8] Undefined variable: hetong D:\Myfiles\workspace\rhfpm\Application\Runtime\Cache\Admin\40e15a767f36c06afd02d63f7affa4e1.php 第 342 行.
INFO: Run Behavior\ParseTemplateBehavior [ RunTime:0.020001s ]
INFO: [ view_parse ] --END-- [ RunTime:0.021001s ]
INFO: [ view_filter ] --START--
INFO: Run Behavior\WriteHtmlCacheBehavior [ RunTime:0.001000s ]
INFO: [ view_filter ] --END-- [ RunTime:0.001000s ]
INFO: [ app_end ] --START--
INFO: Run Behavior\ShowPageTraceBehavior [ RunTime:0.001000s ]
INFO: [ app_end ] --END-- [ RunTime:0.002000s ]

[ 2016-09-16T22:25:20+08:00 ] ::1 /index.php/Admin/User/recordNew
INFO: [ app_init ] --START--
INFO: Run Behavior\BuildLiteBehavior [ RunTime:0.000000s ]
INFO: [ app_init ] --END-- [ RunTime:0.000000s ]
INFO: [ app_begin ] --START--
INFO: Run Behavior\ReadHtmlCacheBehavior [ RunTime:0.001000s ]
INFO: [ app_begin ] --END-- [ RunTime:0.001000s ]
INFO: [ view_parse ] --START--
INFO: [ template_filter ] --START--
INFO: Run Behavior\ContentReplaceBehavior [ RunTime:0.001000s ]
INFO: [ template_filter ] --END-- [ RunTime:0.001000s ]
NOTIC: [8] Undefined variable: username D:\Myfiles\workspace\rhfpm\Application\Runtime\Cache\Admin\c6c53bb64b1494528746605a65e5f79e.php 第 254 行.
NOTIC: [8] Undefined variable: username D:\Myfiles\workspace\rhfpm\Application\Runtime\Cache\Admin\c6c53bb64b1494528746605a65e5f79e.php 第 303 行.
NOTIC: [8] Undefined variable: gaikuang D:\Myfiles\workspace\rhfpm\Application\Runtime\Cache\Admin\c6c53bb64b1494528746605a65e5f79e.php 第 320 行.
NOTIC: [8] Undefined variable: kehu D:\Myfiles\workspace\rhfpm\Application\Runtime\Cache\Admin\c6c53bb64b1494528746605a65e5f79e.php 第 325 行.
NOTIC: [8] Undefined variable: shangpin D:\Myfiles\workspace\rhfpm\Application\Runtime\Cache\Admin\c6c53bb64b1494528746605a65e5f79e.php 第 330 行.
NOTIC: [8] Undefined variable: hetong D:\Myfiles\workspace\rhfpm\Application\Runtime\Cache\Admin\c6c53bb64b1494528746605a65e5f79e.php 第 341 行.
INFO: Run Behavior\ParseTemplateBehavior [ RunTime:0.035002s ]
INFO: [ view_parse ] --END-- [ RunTime:0.035002s ]
INFO: [ view_filter ] --START--
INFO: Run Behavior\WriteHtmlCacheBehavior [ RunTime:0.000000s ]
INFO: [ view_filter ] --END-- [ RunTime:0.001000s ]
INFO: [ app_end ] --START--
INFO: Run Behavior\ShowPageTraceBehavior [ RunTime:0.001000s ]
INFO: [ app_end ] --END-- [ RunTime:0.001000s ]

[ 2016-09-16T22:25:39+08:00 ] ::1 /index.php/Admin/User/recordInsert
INFO: [ app_init ] --START--
INFO: Run Behavior\BuildLiteBehavior [ RunTime:0.000000s ]
INFO: [ app_init ] --END-- [ RunTime:0.001000s ]
INFO: [ app_begin ] --START--
INFO: Run Behavior\ReadHtmlCacheBehavior [ RunTime:0.000000s ]
INFO: [ app_begin ] --END-- [ RunTime:0.001000s ]
SQL: SHOW COLUMNS FROM `user` [ RunTime:0.0030s ]
NOTIC: [8] Undefined index: validate D:\Myfiles\workspace\rhfpm\ThinkPHP\Library\Think\Model.class.php 第 1185 行.
SQL: SELECT * FROM `user` WHERE `account` = 'lrx' LIMIT 1   [ RunTime:0.0000s ]
NOTIC: [8] Undefined index: auto D:\Myfiles\workspace\rhfpm\ThinkPHP\Library\Think\Model.class.php 第 1128 行.
SQL: INSERT INTO `user` (`username`,`account`,`password`,`email`) VALUES ('刘荣先','lrx','022f409cb08dc64ae474db9381679f0f','') [ RunTime:0.0620s ]

[ 2016-09-16T22:25:39+08:00 ] ::1 /index.php/Admin/user/Index.html
INFO: [ app_init ] --START--
INFO: Run Behavior\BuildLiteBehavior [ RunTime:0.000000s ]
INFO: [ app_init ] --END-- [ RunTime:0.000000s ]
INFO: [ app_begin ] --START--
INFO: Run Behavior\ReadHtmlCacheBehavior [ RunTime:0.000000s ]
INFO: [ app_begin ] --END-- [ RunTime:0.001000s ]
SQL: SHOW COLUMNS FROM `user` [ RunTime:0.0040s ]
SQL: SELECT COUNT(*) AS tp_count FROM `user` ORDER BY id DESC LIMIT 1   [ RunTime:0.0000s ]
SQL: SELECT * FROM `user` ORDER BY id DESC LIMIT 0,25   [ RunTime:0.0000s ]
INFO: [ view_parse ] --START--
INFO: [ template_filter ] --START--
INFO: Run Behavior\ContentReplaceBehavior [ RunTime:0.000000s ]
INFO: [ template_filter ] --END-- [ RunTime:0.000000s ]
NOTIC: [8] Undefined variable: username D:\Myfiles\workspace\rhfpm\Application\Runtime\Cache\Admin\40e15a767f36c06afd02d63f7affa4e1.php 第 255 行.
NOTIC: [8] Undefined variable: username D:\Myfiles\workspace\rhfpm\Application\Runtime\Cache\Admin\40e15a767f36c06afd02d63f7affa4e1.php 第 304 行.
NOTIC: [8] Undefined variable: gaikuang D:\Myfiles\workspace\rhfpm\Application\Runtime\Cache\Admin\40e15a767f36c06afd02d63f7affa4e1.php 第 321 行.
NOTIC: [8] Undefined variable: kehu D:\Myfiles\workspace\rhfpm\Application\Runtime\Cache\Admin\40e15a767f36c06afd02d63f7affa4e1.php 第 326 行.
NOTIC: [8] Undefined variable: shangpin D:\Myfiles\workspace\rhfpm\Application\Runtime\Cache\Admin\40e15a767f36c06afd02d63f7affa4e1.php 第 331 行.
NOTIC: [8] Undefined variable: hetong D:\Myfiles\workspace\rhfpm\Application\Runtime\Cache\Admin\40e15a767f36c06afd02d63f7affa4e1.php 第 342 行.
INFO: Run Behavior\ParseTemplateBehavior [ RunTime:0.010000s ]
INFO: [ view_parse ] --END-- [ RunTime:0.010000s ]
INFO: [ view_filter ] --START--
INFO: Run Behavior\WriteHtmlCacheBehavior [ RunTime:0.000000s ]
INFO: [ view_filter ] --END-- [ RunTime:0.000000s ]
INFO: [ app_end ] --START--
INFO: Run Behavior\ShowPageTraceBehavior [ RunTime:0.000000s ]
INFO: [ app_end ] --END-- [ RunTime:0.000000s ]

[ 2016-09-16T22:25:42+08:00 ] ::1 /index.php/Admin/User/recordNew
INFO: [ app_init ] --START--
INFO: Run Behavior\BuildLiteBehavior [ RunTime:0.000000s ]
INFO: [ app_init ] --END-- [ RunTime:0.000000s ]
INFO: [ app_begin ] --START--
INFO: Run Behavior\ReadHtmlCacheBehavior [ RunTime:0.001000s ]
INFO: [ app_begin ] --END-- [ RunTime:0.001000s ]
INFO: [ view_parse ] --START--
INFO: [ template_filter ] --START--
INFO: Run Behavior\ContentReplaceBehavior [ RunTime:0.001000s ]
INFO: [ template_filter ] --END-- [ RunTime:0.001000s ]
NOTIC: [8] Undefined variable: username D:\Myfiles\workspace\rhfpm\Application\Runtime\Cache\Admin\c6c53bb64b1494528746605a65e5f79e.php 第 254 行.
NOTIC: [8] Undefined variable: username D:\Myfiles\workspace\rhfpm\Application\Runtime\Cache\Admin\c6c53bb64b1494528746605a65e5f79e.php 第 303 行.
NOTIC: [8] Undefined variable: gaikuang D:\Myfiles\workspace\rhfpm\Application\Runtime\Cache\Admin\c6c53bb64b1494528746605a65e5f79e.php 第 320 行.
NOTIC: [8] Undefined variable: kehu D:\Myfiles\workspace\rhfpm\Application\Runtime\Cache\Admin\c6c53bb64b1494528746605a65e5f79e.php 第 325 行.
NOTIC: [8] Undefined variable: shangpin D:\Myfiles\workspace\rhfpm\Application\Runtime\Cache\Admin\c6c53bb64b1494528746605a65e5f79e.php 第 330 行.
NOTIC: [8] Undefined variable: hetong D:\Myfiles\workspace\rhfpm\Application\Runtime\Cache\Admin\c6c53bb64b1494528746605a65e5f79e.php 第 341 行.
INFO: Run Behavior\ParseTemplateBehavior [ RunTime:0.009000s ]
INFO: [ view_parse ] --END-- [ RunTime:0.009000s ]
INFO: [ view_filter ] --START--
INFO: Run Behavior\WriteHtmlCacheBehavior [ RunTime:0.000000s ]
INFO: [ view_filter ] --END-- [ RunTime:0.000000s ]
INFO: [ app_end ] --START--
INFO: Run Behavior\ShowPageTraceBehavior [ RunTime:0.001000s ]
INFO: [ app_end ] --END-- [ RunTime:0.001000s ]

[ 2016-09-16T22:25:58+08:00 ] ::1 /index.php/Admin/User/recordInsert
INFO: [ app_init ] --START--
INFO: Run Behavior\BuildLiteBehavior [ RunTime:0.000000s ]
INFO: [ app_init ] --END-- [ RunTime:0.000000s ]
INFO: [ app_begin ] --START--
INFO: Run Behavior\ReadHtmlCacheBehavior [ RunTime:0.000000s ]
INFO: [ app_begin ] --END-- [ RunTime:0.000000s ]
SQL: SHOW COLUMNS FROM `user` [ RunTime:0.0040s ]
NOTIC: [8] Undefined index: validate D:\Myfiles\workspace\rhfpm\ThinkPHP\Library\Think\Model.class.php 第 1185 行.
SQL: SELECT * FROM `user` WHERE `account` = 'hyl' LIMIT 1   [ RunTime:0.0000s ]
NOTIC: [8] Undefined index: auto D:\Myfiles\workspace\rhfpm\ThinkPHP\Library\Think\Model.class.php 第 1128 行.
SQL: INSERT INTO `user` (`username`,`account`,`password`,`email`) VALUES ('侯银利','hyl','c9ef1ed8e902ba1b178dd1d0634b26e1','') [ RunTime:0.0810s ]

[ 2016-09-16T22:25:59+08:00 ] ::1 /index.php/Admin/user/Index.html
INFO: [ app_init ] --START--
INFO: Run Behavior\BuildLiteBehavior [ RunTime:0.000000s ]
INFO: [ app_init ] --END-- [ RunTime:0.001000s ]
INFO: [ app_begin ] --START--
INFO: Run Behavior\ReadHtmlCacheBehavior [ RunTime:0.001000s ]
INFO: [ app_begin ] --END-- [ RunTime:0.001000s ]
SQL: SHOW COLUMNS FROM `user` [ RunTime:0.0030s ]
SQL: SELECT COUNT(*) AS tp_count FROM `user` ORDER BY id DESC LIMIT 1   [ RunTime:0.0010s ]
SQL: SELECT * FROM `user` ORDER BY id DESC LIMIT 0,25   [ RunTime:0.0000s ]
INFO: [ view_parse ] --START--
INFO: [ template_filter ] --START--
INFO: Run Behavior\ContentReplaceBehavior [ RunTime:0.000000s ]
INFO: [ template_filter ] --END-- [ RunTime:0.000000s ]
NOTIC: [8] Undefined variable: username D:\Myfiles\workspace\rhfpm\Application\Runtime\Cache\Admin\40e15a767f36c06afd02d63f7affa4e1.php 第 255 行.
NOTIC: [8] Undefined variable: username D:\Myfiles\workspace\rhfpm\Application\Runtime\Cache\Admin\40e15a767f36c06afd02d63f7affa4e1.php 第 304 行.
NOTIC: [8] Undefined variable: gaikuang D:\Myfiles\workspace\rhfpm\Application\Runtime\Cache\Admin\40e15a767f36c06afd02d63f7affa4e1.php 第 321 行.
NOTIC: [8] Undefined variable: kehu D:\Myfiles\workspace\rhfpm\Application\Runtime\Cache\Admin\40e15a767f36c06afd02d63f7affa4e1.php 第 326 行.
NOTIC: [8] Undefined variable: shangpin D:\Myfiles\workspace\rhfpm\Application\Runtime\Cache\Admin\40e15a767f36c06afd02d63f7affa4e1.php 第 331 行.
NOTIC: [8] Undefined variable: hetong D:\Myfiles\workspace\rhfpm\Application\Runtime\Cache\Admin\40e15a767f36c06afd02d63f7affa4e1.php 第 342 行.
INFO: Run Behavior\ParseTemplateBehavior [ RunTime:0.009001s ]
INFO: [ view_parse ] --END-- [ RunTime:0.009001s ]
INFO: [ view_filter ] --START--
INFO: Run Behavior\WriteHtmlCacheBehavior [ RunTime:0.001000s ]
INFO: [ view_filter ] --END-- [ RunTime:0.001000s ]
INFO: [ app_end ] --START--
INFO: Run Behavior\ShowPageTraceBehavior [ RunTime:0.000000s ]
INFO: [ app_end ] --END-- [ RunTime:0.000000s ]

[ 2016-09-16T22:26:05+08:00 ] ::1 /index.php/Admin/User/recordShow/id/4
INFO: [ app_init ] --START--
INFO: Run Behavior\BuildLiteBehavior [ RunTime:0.000000s ]
INFO: [ app_init ] --END-- [ RunTime:0.001000s ]
INFO: [ app_begin ] --START--
INFO: Run Behavior\ReadHtmlCacheBehavior [ RunTime:0.001000s ]
INFO: [ app_begin ] --END-- [ RunTime:0.001000s ]
SQL: SHOW COLUMNS FROM `user` [ RunTime:0.0030s ]
SQL: SELECT * FROM `user` WHERE `id` = 4 LIMIT 1   [ RunTime:0.0010s ]
INFO: [ view_parse ] --START--
INFO: [ template_filter ] --START--
INFO: Run Behavior\ContentReplaceBehavior [ RunTime:0.000000s ]
INFO: [ template_filter ] --END-- [ RunTime:0.000000s ]
NOTIC: [8] Undefined variable: username D:\Myfiles\workspace\rhfpm\Application\Runtime\Cache\Admin\835092260aefba1f5e2744e9a0d77fe7.php 第 254 行.
NOTIC: [8] Undefined variable: username D:\Myfiles\workspace\rhfpm\Application\Runtime\Cache\Admin\835092260aefba1f5e2744e9a0d77fe7.php 第 303 行.
NOTIC: [8] Undefined variable: gaikuang D:\Myfiles\workspace\rhfpm\Application\Runtime\Cache\Admin\835092260aefba1f5e2744e9a0d77fe7.php 第 320 行.
NOTIC: [8] Undefined variable: kehu D:\Myfiles\workspace\rhfpm\Application\Runtime\Cache\Admin\835092260aefba1f5e2744e9a0d77fe7.php 第 325 行.
NOTIC: [8] Undefined variable: shangpin D:\Myfiles\workspace\rhfpm\Application\Runtime\Cache\Admin\835092260aefba1f5e2744e9a0d77fe7.php 第 330 行.
NOTIC: [8] Undefined variable: hetong D:\Myfiles\workspace\rhfpm\Application\Runtime\Cache\Admin\835092260aefba1f5e2744e9a0d77fe7.php 第 341 行.
INFO: Run Behavior\ParseTemplateBehavior [ RunTime:0.076005s ]
INFO: [ view_parse ] --END-- [ RunTime:0.076005s ]
INFO: [ view_filter ] --START--
INFO: Run Behavior\WriteHtmlCacheBehavior [ RunTime:0.001000s ]
INFO: [ view_filter ] --END-- [ RunTime:0.001000s ]
INFO: [ app_end ] --START--
INFO: Run Behavior\ShowPageTraceBehavior [ RunTime:0.001000s ]
INFO: [ app_end ] --END-- [ RunTime:0.001000s ]

[ 2016-09-16T22:26:10+08:00 ] ::1 /index.php/Admin/User/recordUpdate
INFO: [ app_init ] --START--
INFO: Run Behavior\BuildLiteBehavior [ RunTime:0.000000s ]
INFO: [ app_init ] --END-- [ RunTime:0.001000s ]
INFO: [ app_begin ] --START--
INFO: Run Behavior\ReadHtmlCacheBehavior [ RunTime:0.001000s ]
INFO: [ app_begin ] --END-- [ RunTime:0.001000s ]
SQL: SHOW COLUMNS FROM `user` [ RunTime:0.0030s ]
NOTIC: [8] Undefined index: validate D:\Myfiles\workspace\rhfpm\ThinkPHP\Library\Think\Model.class.php 第 1185 行.
NOTIC: [8] Undefined index: auto D:\Myfiles\workspace\rhfpm\ThinkPHP\Library\Think\Model.class.php 第 1128 行.
SQL: UPDATE `user` SET `username`='侯文丰',`account`='wfhou',`password`='2feec0e46ee858cf77a9412bbcfcf38f',`email`='' WHERE `id` = 4 [ RunTime:0.0880s ]

[ 2016-09-16T22:26:10+08:00 ] ::1 /index.php/Admin/user/Index.html
INFO: [ app_init ] --START--
INFO: Run Behavior\BuildLiteBehavior [ RunTime:0.000000s ]
INFO: [ app_init ] --END-- [ RunTime:0.001000s ]
INFO: [ app_begin ] --START--
INFO: Run Behavior\ReadHtmlCacheBehavior [ RunTime:0.000000s ]
INFO: [ app_begin ] --END-- [ RunTime:0.000000s ]
SQL: SHOW COLUMNS FROM `user` [ RunTime:0.0030s ]
SQL: SELECT COUNT(*) AS tp_count FROM `user` ORDER BY id DESC LIMIT 1   [ RunTime:0.0000s ]
SQL: SELECT * FROM `user` ORDER BY id DESC LIMIT 0,25   [ RunTime:0.0000s ]
INFO: [ view_parse ] --START--
INFO: [ template_filter ] --START--
INFO: Run Behavior\ContentReplaceBehavior [ RunTime:0.000000s ]
INFO: [ template_filter ] --END-- [ RunTime:0.000000s ]
NOTIC: [8] Undefined variable: username D:\Myfiles\workspace\rhfpm\Application\Runtime\Cache\Admin\40e15a767f36c06afd02d63f7affa4e1.php 第 255 行.
NOTIC: [8] Undefined variable: username D:\Myfiles\workspace\rhfpm\Application\Runtime\Cache\Admin\40e15a767f36c06afd02d63f7affa4e1.php 第 304 行.
NOTIC: [8] Undefined variable: gaikuang D:\Myfiles\workspace\rhfpm\Application\Runtime\Cache\Admin\40e15a767f36c06afd02d63f7affa4e1.php 第 321 行.
NOTIC: [8] Undefined variable: kehu D:\Myfiles\workspace\rhfpm\Application\Runtime\Cache\Admin\40e15a767f36c06afd02d63f7affa4e1.php 第 326 行.
NOTIC: [8] Undefined variable: shangpin D:\Myfiles\workspace\rhfpm\Application\Runtime\Cache\Admin\40e15a767f36c06afd02d63f7affa4e1.php 第 331 行.
NOTIC: [8] Undefined variable: hetong D:\Myfiles\workspace\rhfpm\Application\Runtime\Cache\Admin\40e15a767f36c06afd02d63f7affa4e1.php 第 342 行.
INFO: Run Behavior\ParseTemplateBehavior [ RunTime:0.008001s ]
INFO: [ view_parse ] --END-- [ RunTime:0.008001s ]
INFO: [ view_filter ] --START--
INFO: Run Behavior\WriteHtmlCacheBehavior [ RunTime:0.001000s ]
INFO: [ view_filter ] --END-- [ RunTime:0.001000s ]
INFO: [ app_end ] --START--
INFO: Run Behavior\ShowPageTraceBehavior [ RunTime:0.001000s ]
INFO: [ app_end ] --END-- [ RunTime:0.001000s ]

[ 2016-09-16T22:26:14+08:00 ] ::1 /index.php/Admin/Index/logout
INFO: [ app_init ] --START--
INFO: Run Behavior\BuildLiteBehavior [ RunTime:0.000000s ]
INFO: [ app_init ] --END-- [ RunTime:0.001000s ]
INFO: [ app_begin ] --START--
INFO: Run Behavior\ReadHtmlCacheBehavior [ RunTime:0.000000s ]
INFO: [ app_begin ] --END-- [ RunTime:0.000000s ]
INFO: [ view_parse ] --START--
INFO: [ template_filter ] --START--
INFO: Run Behavior\ContentReplaceBehavior [ RunTime:0.000000s ]
INFO: [ template_filter ] --END-- [ RunTime:0.000000s ]
INFO: Run Behavior\ParseTemplateBehavior [ RunTime:0.004000s ]
INFO: [ view_parse ] --END-- [ RunTime:0.004000s ]
INFO: [ view_filter ] --START--
INFO: Run Behavior\WriteHtmlCacheBehavior [ RunTime:0.001000s ]
INFO: [ view_filter ] --END-- [ RunTime:0.001000s ]
INFO: [ app_end ] --START--
INFO: Run Behavior\ShowPageTraceBehavior [ RunTime:0.001001s ]
INFO: [ app_end ] --END-- [ RunTime:0.001001s ]

[ 2016-09-16T22:26:22+08:00 ] ::1 /index.php/Admin/index.html
INFO: [ app_init ] --START--
INFO: Run Behavior\BuildLiteBehavior [ RunTime:0.000000s ]
INFO: [ app_init ] --END-- [ RunTime:0.000000s ]
INFO: [ app_begin ] --START--
INFO: Run Behavior\ReadHtmlCacheBehavior [ RunTime:0.000000s ]
INFO: [ app_begin ] --END-- [ RunTime:0.001000s ]
INFO: [ view_parse ] --START--
INFO: [ template_filter ] --START--
INFO: Run Behavior\ContentReplaceBehavior [ RunTime:0.000000s ]
INFO: [ template_filter ] --END-- [ RunTime:0.000000s ]
NOTIC: [8] Undefined variable: kehu D:\Myfiles\workspace\rhfpm\Application\Runtime\Cache\Admin\eea688c288fc97c3a0cfe11b847f7230.php 第 325 行.
NOTIC: [8] Undefined variable: shangpin D:\Myfiles\workspace\rhfpm\Application\Runtime\Cache\Admin\eea688c288fc97c3a0cfe11b847f7230.php 第 330 行.
NOTIC: [8] Undefined variable: hetong D:\Myfiles\workspace\rhfpm\Application\Runtime\Cache\Admin\eea688c288fc97c3a0cfe11b847f7230.php 第 341 行.
NOTIC: [8] Undefined variable: xitong D:\Myfiles\workspace\rhfpm\Application\Runtime\Cache\Admin\eea688c288fc97c3a0cfe11b847f7230.php 第 352 行.
INFO: Run Behavior\ParseTemplateBehavior [ RunTime:0.008000s ]
INFO: [ view_parse ] --END-- [ RunTime:0.008000s ]
INFO: [ view_filter ] --START--
INFO: Run Behavior\WriteHtmlCacheBehavior [ RunTime:0.000000s ]
INFO: [ view_filter ] --END-- [ RunTime:0.000000s ]
INFO: [ app_end ] --START--
INFO: Run Behavior\ShowPageTraceBehavior [ RunTime:0.001000s ]
INFO: [ app_end ] --END-- [ RunTime:0.001000s ]

[ 2016-09-16T22:26:28+08:00 ] ::1 /index.php/Admin/Customer
INFO: [ app_init ] --START--
INFO: Run Behavior\BuildLiteBehavior [ RunTime:0.000000s ]
INFO: [ app_init ] --END-- [ RunTime:0.000000s ]
INFO: [ app_begin ] --START--
INFO: Run Behavior\ReadHtmlCacheBehavior [ RunTime:0.000000s ]
INFO: [ app_begin ] --END-- [ RunTime:0.000000s ]
SQL: SHOW COLUMNS FROM `customer` [ RunTime:0.0040s ]
SQL: SELECT COUNT(*) AS tp_count FROM `customer` ORDER BY id DESC LIMIT 1   [ RunTime:0.0000s ]
SQL: SELECT * FROM `customer` ORDER BY id DESC LIMIT 0,25   [ RunTime:0.0000s ]
INFO: [ view_parse ] --START--
INFO: [ template_filter ] --START--
INFO: Run Behavior\ContentReplaceBehavior [ RunTime:0.000000s ]
INFO: [ template_filter ] --END-- [ RunTime:0.000000s ]
NOTIC: [8] Undefined variable: username D:\Myfiles\workspace\rhfpm\Application\Runtime\Cache\Admin\854a26db4864f286c7281e78002411c0.php 第 255 行.
NOTIC: [8] Undefined variable: username D:\Myfiles\workspace\rhfpm\Application\Runtime\Cache\Admin\854a26db4864f286c7281e78002411c0.php 第 304 行.
NOTIC: [8] Undefined variable: gaikuang D:\Myfiles\workspace\rhfpm\Application\Runtime\Cache\Admin\854a26db4864f286c7281e78002411c0.php 第 321 行.
NOTIC: [8] Undefined variable: shangpin D:\Myfiles\workspace\rhfpm\Application\Runtime\Cache\Admin\854a26db4864f286c7281e78002411c0.php 第 331 行.
NOTIC: [8] Undefined variable: hetong D:\Myfiles\workspace\rhfpm\Application\Runtime\Cache\Admin\854a26db4864f286c7281e78002411c0.php 第 342 行.
NOTIC: [8] Undefined variable: xitong D:\Myfiles\workspace\rhfpm\Application\Runtime\Cache\Admin\854a26db4864f286c7281e78002411c0.php 第 353 行.
INFO: Run Behavior\ParseTemplateBehavior [ RunTime:0.010000s ]
INFO: [ view_parse ] --END-- [ RunTime:0.010000s ]
INFO: [ view_filter ] --START--
INFO: Run Behavior\WriteHtmlCacheBehavior [ RunTime:0.001000s ]
INFO: [ view_filter ] --END-- [ RunTime:0.001000s ]
INFO: [ app_end ] --START--
INFO: Run Behavior\ShowPageTraceBehavior [ RunTime:0.000000s ]
INFO: [ app_end ] --END-- [ RunTime:0.000000s ]

[ 2016-09-16T22:26:31+08:00 ] ::1 /index.php/Admin/Customer/index/p/2.html
INFO: [ app_init ] --START--
INFO: Run Behavior\BuildLiteBehavior [ RunTime:0.000000s ]
INFO: [ app_init ] --END-- [ RunTime:0.000000s ]
INFO: [ app_begin ] --START--
INFO: Run Behavior\ReadHtmlCacheBehavior [ RunTime:0.001000s ]
INFO: [ app_begin ] --END-- [ RunTime:0.001000s ]
SQL: SHOW COLUMNS FROM `customer` [ RunTime:0.0030s ]
SQL: SELECT COUNT(*) AS tp_count FROM `customer` ORDER BY id DESC LIMIT 1   [ RunTime:0.0000s ]
SQL: SELECT * FROM `customer` ORDER BY id DESC LIMIT 25,25   [ RunTime:0.0010s ]
INFO: [ view_parse ] --START--
INFO: [ template_filter ] --START--
INFO: Run Behavior\ContentReplaceBehavior [ RunTime:0.000000s ]
INFO: [ template_filter ] --END-- [ RunTime:0.000000s ]
NOTIC: [8] Undefined variable: username D:\Myfiles\workspace\rhfpm\Application\Runtime\Cache\Admin\854a26db4864f286c7281e78002411c0.php 第 255 行.
NOTIC: [8] Undefined variable: username D:\Myfiles\workspace\rhfpm\Application\Runtime\Cache\Admin\854a26db4864f286c7281e78002411c0.php 第 304 行.
NOTIC: [8] Undefined variable: gaikuang D:\Myfiles\workspace\rhfpm\Application\Runtime\Cache\Admin\854a26db4864f286c7281e78002411c0.php 第 321 行.
NOTIC: [8] Undefined variable: shangpin D:\Myfiles\workspace\rhfpm\Application\Runtime\Cache\Admin\854a26db4864f286c7281e78002411c0.php 第 331 行.
NOTIC: [8] Undefined variable: hetong D:\Myfiles\workspace\rhfpm\Application\Runtime\Cache\Admin\854a26db4864f286c7281e78002411c0.php 第 342 行.
NOTIC: [8] Undefined variable: xitong D:\Myfiles\workspace\rhfpm\Application\Runtime\Cache\Admin\854a26db4864f286c7281e78002411c0.php 第 353 行.
INFO: Run Behavior\ParseTemplateBehavior [ RunTime:0.010001s ]
INFO: [ view_parse ] --END-- [ RunTime:0.010001s ]
INFO: [ view_filter ] --START--
INFO: Run Behavior\WriteHtmlCacheBehavior [ RunTime:0.001000s ]
INFO: [ view_filter ] --END-- [ RunTime:0.001000s ]
INFO: [ app_end ] --START--
INFO: Run Behavior\ShowPageTraceBehavior [ RunTime:0.002000s ]
INFO: [ app_end ] --END-- [ RunTime:0.002000s ]

