[ 2017-10-03T20:17:41+08:00 ] 127.0.0.1 /index.php/Admin/index.html
INFO: [ app_init ] --START--
INFO: Run Behavior\BuildLiteBehavior [ RunTime:0.000000s ]
INFO: [ app_init ] --END-- [ RunTime:0.002000s ]
INFO: [ app_begin ] --START--
INFO: Run Behavior\ReadHtmlCacheBehavior [ RunTime:0.003000s ]
INFO: [ app_begin ] --END-- [ RunTime:0.003000s ]
SQL: SHOW COLUMNS FROM `contract` [ RunTime:0.0090s ]
SQL: SHOW COLUMNS FROM `employee` [ RunTime:0.0080s ]
SQL: SELECT * FROM `contract` WHERE `c_date` LIKE '%2017%'  [ RunTime:0.0010s ]
SQL: SELECT SUM(c_price) AS tp_sum FROM `contract` WHERE `c_date` LIKE '%2017%' LIMIT 1   [ RunTime:0.0000s ]
SQL: SELECT * FROM `contract` WHERE `c_date` LIKE '%2017%' AND `c_status` = '已回款'  [ RunTime:0.0010s ]
SQL: SELECT SUM(c_price) AS tp_sum FROM `contract` WHERE `c_date` LIKE '%2017%' AND `c_status` = '已回款' LIMIT 1   [ RunTime:0.0010s ]
SQL: SELECT * FROM `employee`  [ RunTime:0.0000s ]
SQL: SELECT * FROM `employee` WHERE `e_gender` = '女'  [ RunTime:0.0000s ]
SQL: SELECT * FROM `employee` WHERE `e_status` = '在职'  [ RunTime:0.0000s ]
SQL: SELECT * FROM `employee` WHERE `e_status` = '退休返聘'  [ RunTime:0.0000s ]
SQL: SELECT * FROM `employee` WHERE `e_status` = '双重关系'  [ RunTime:0.0000s ]
INFO: [ view_parse ] --START--
INFO: [ template_filter ] --START--
INFO: Run Behavior\ContentReplaceBehavior [ RunTime:0.000000s ]
INFO: [ template_filter ] --END-- [ RunTime:0.001000s ]
NOTIC: [8] Undefined variable: kehu F:\Myfiles\workspace\rhfpm\Application\Runtime\Cache\Admin\eea688c288fc97c3a0cfe11b847f7230.php 第 92 行.
NOTIC: [8] Undefined variable: shangpin F:\Myfiles\workspace\rhfpm\Application\Runtime\Cache\Admin\eea688c288fc97c3a0cfe11b847f7230.php 第 97 行.
NOTIC: [8] Undefined variable: hetong F:\Myfiles\workspace\rhfpm\Application\Runtime\Cache\Admin\eea688c288fc97c3a0cfe11b847f7230.php 第 108 行.
NOTIC: [8] Undefined variable: employee F:\Myfiles\workspace\rhfpm\Application\Runtime\Cache\Admin\eea688c288fc97c3a0cfe11b847f7230.php 第 118 行.
NOTIC: [8] Undefined variable: xitong F:\Myfiles\workspace\rhfpm\Application\Runtime\Cache\Admin\eea688c288fc97c3a0cfe11b847f7230.php 第 128 行.
INFO: Run Behavior\ParseTemplateBehavior [ RunTime:0.043002s ]
INFO: [ view_parse ] --END-- [ RunTime:0.043002s ]
INFO: [ view_filter ] --START--
INFO: Run Behavior\WriteHtmlCacheBehavior [ RunTime:0.003001s ]
INFO: [ view_filter ] --END-- [ RunTime:0.003001s ]
INFO: [ app_end ] --START--
INFO: Run Behavior\ShowPageTraceBehavior [ RunTime:0.001000s ]
INFO: [ app_end ] --END-- [ RunTime:0.002000s ]

[ 2017-10-03T20:17:52+08:00 ] ::1 /index.php/Admin/index.html
INFO: [ app_init ] --START--
INFO: Run Behavior\BuildLiteBehavior [ RunTime:0.000000s ]
INFO: [ app_init ] --END-- [ RunTime:0.001000s ]
INFO: [ app_begin ] --START--
INFO: Run Behavior\ReadHtmlCacheBehavior [ RunTime:0.001000s ]
INFO: [ app_begin ] --END-- [ RunTime:0.002000s ]

[ 2017-10-03T20:18:12+08:00 ] ::1 /index.php/Admin/index.html
INFO: [ app_init ] --START--
INFO: Run Behavior\BuildLiteBehavior [ RunTime:0.000000s ]
INFO: [ app_init ] --END-- [ RunTime:0.002000s ]
INFO: [ app_begin ] --START--
INFO: Run Behavior\ReadHtmlCacheBehavior [ RunTime:0.003000s ]
INFO: [ app_begin ] --END-- [ RunTime:0.004000s ]
SQL: SHOW COLUMNS FROM `contract` [ RunTime:0.0050s ]
SQL: SHOW COLUMNS FROM `employee` [ RunTime:0.0060s ]
SQL: SELECT * FROM `contract` WHERE `c_date` LIKE '%2017%'  [ RunTime:0.0010s ]
SQL: SELECT SUM(c_price) AS tp_sum FROM `contract` WHERE `c_date` LIKE '%2017%' LIMIT 1   [ RunTime:0.0010s ]
SQL: SELECT * FROM `contract` WHERE `c_date` LIKE '%2017%' AND `c_status` = '已回款'  [ RunTime:0.0010s ]
SQL: SELECT SUM(c_price) AS tp_sum FROM `contract` WHERE `c_date` LIKE '%2017%' AND `c_status` = '已回款' LIMIT 1   [ RunTime:0.0000s ]
SQL: SELECT * FROM `employee`  [ RunTime:0.0000s ]
SQL: SELECT * FROM `employee` WHERE `e_gender` = '女'  [ RunTime:0.0000s ]
SQL: SELECT * FROM `employee` WHERE `e_status` = '在职'  [ RunTime:0.0000s ]
SQL: SELECT * FROM `employee` WHERE `e_status` = '退休返聘'  [ RunTime:0.0000s ]
SQL: SELECT * FROM `employee` WHERE `e_status` = '双重关系'  [ RunTime:0.0010s ]
INFO: [ view_parse ] --START--
INFO: [ template_filter ] --START--
INFO: Run Behavior\ContentReplaceBehavior [ RunTime:0.001000s ]
INFO: [ template_filter ] --END-- [ RunTime:0.001000s ]
NOTIC: [8] Undefined variable: kehu F:\Myfiles\workspace\rhfpm\Application\Runtime\Cache\Admin\eea688c288fc97c3a0cfe11b847f7230.php 第 92 行.
NOTIC: [8] Undefined variable: shangpin F:\Myfiles\workspace\rhfpm\Application\Runtime\Cache\Admin\eea688c288fc97c3a0cfe11b847f7230.php 第 97 行.
NOTIC: [8] Undefined variable: hetong F:\Myfiles\workspace\rhfpm\Application\Runtime\Cache\Admin\eea688c288fc97c3a0cfe11b847f7230.php 第 108 行.
NOTIC: [8] Undefined variable: employee F:\Myfiles\workspace\rhfpm\Application\Runtime\Cache\Admin\eea688c288fc97c3a0cfe11b847f7230.php 第 118 行.
NOTIC: [8] Undefined variable: xitong F:\Myfiles\workspace\rhfpm\Application\Runtime\Cache\Admin\eea688c288fc97c3a0cfe11b847f7230.php 第 128 行.
INFO: Run Behavior\ParseTemplateBehavior [ RunTime:0.036002s ]
INFO: [ view_parse ] --END-- [ RunTime:0.037002s ]
INFO: [ view_filter ] --START--
INFO: Run Behavior\WriteHtmlCacheBehavior [ RunTime:0.001000s ]
INFO: [ view_filter ] --END-- [ RunTime:0.001000s ]
INFO: [ app_end ] --START--
INFO: Run Behavior\ShowPageTraceBehavior [ RunTime:0.001001s ]
INFO: [ app_end ] --END-- [ RunTime:0.001001s ]

[ 2017-10-03T21:38:30+08:00 ] ::1 /index.php/Admin/index.html
INFO: [ app_init ] --START--
INFO: Run Behavior\BuildLiteBehavior [ RunTime:0.000000s ]
INFO: [ app_init ] --END-- [ RunTime:0.001000s ]
INFO: [ app_begin ] --START--
INFO: Run Behavior\ReadHtmlCacheBehavior [ RunTime:0.002000s ]
INFO: [ app_begin ] --END-- [ RunTime:0.002000s ]
SQL: SHOW COLUMNS FROM `contract` [ RunTime:0.0040s ]
SQL: SHOW COLUMNS FROM `employee` [ RunTime:0.0040s ]
SQL: SELECT * FROM `contract` WHERE `c_date` LIKE '%2017%'  [ RunTime:0.0010s ]
SQL: SELECT SUM(c_price) AS tp_sum FROM `contract` WHERE `c_date` LIKE '%2017%' LIMIT 1   [ RunTime:0.0000s ]
SQL: SELECT * FROM `contract` WHERE `c_date` LIKE '%2017%' AND `c_status` = '已回款'  [ RunTime:0.0010s ]
SQL: SELECT SUM(c_price) AS tp_sum FROM `contract` WHERE `c_date` LIKE '%2017%' AND `c_status` = '已回款' LIMIT 1   [ RunTime:0.0000s ]
SQL: SELECT * FROM `employee`  [ RunTime:0.0010s ]
SQL: SELECT * FROM `employee` WHERE `e_gender` = '女'  [ RunTime:0.0000s ]
SQL: SELECT * FROM `employee` WHERE `e_status` = '在职'  [ RunTime:0.0010s ]
SQL: SELECT * FROM `employee` WHERE `e_status` = '退休返聘'  [ RunTime:0.0010s ]
SQL: SELECT * FROM `employee` WHERE `e_status` = '双重关系'  [ RunTime:0.0010s ]
INFO: [ view_parse ] --START--
INFO: [ template_filter ] --START--
INFO: Run Behavior\ContentReplaceBehavior [ RunTime:0.001000s ]
INFO: [ template_filter ] --END-- [ RunTime:0.001000s ]
NOTIC: [8] Undefined variable: kehu F:\Myfiles\workspace\rhfpm\Application\Runtime\Cache\Admin\eea688c288fc97c3a0cfe11b847f7230.php 第 92 行.
NOTIC: [8] Undefined variable: shangpin F:\Myfiles\workspace\rhfpm\Application\Runtime\Cache\Admin\eea688c288fc97c3a0cfe11b847f7230.php 第 97 行.
NOTIC: [8] Undefined variable: hetong F:\Myfiles\workspace\rhfpm\Application\Runtime\Cache\Admin\eea688c288fc97c3a0cfe11b847f7230.php 第 108 行.
NOTIC: [8] Undefined variable: employee F:\Myfiles\workspace\rhfpm\Application\Runtime\Cache\Admin\eea688c288fc97c3a0cfe11b847f7230.php 第 118 行.
NOTIC: [8] Undefined variable: xitong F:\Myfiles\workspace\rhfpm\Application\Runtime\Cache\Admin\eea688c288fc97c3a0cfe11b847f7230.php 第 128 行.
INFO: Run Behavior\ParseTemplateBehavior [ RunTime:0.021001s ]
INFO: [ view_parse ] --END-- [ RunTime:0.021001s ]
INFO: [ view_filter ] --START--
INFO: Run Behavior\WriteHtmlCacheBehavior [ RunTime:0.001000s ]
INFO: [ view_filter ] --END-- [ RunTime:0.001000s ]
INFO: [ app_end ] --START--
INFO: Run Behavior\ShowPageTraceBehavior [ RunTime:0.001000s ]
INFO: [ app_end ] --END-- [ RunTime:0.001000s ]

[ 2017-10-03T21:38:41+08:00 ] ::1 /index.php/Admin/Index/index/c_date/2016
INFO: [ app_init ] --START--
INFO: Run Behavior\BuildLiteBehavior [ RunTime:0.000000s ]
INFO: [ app_init ] --END-- [ RunTime:0.002001s ]
INFO: [ app_begin ] --START--
INFO: Run Behavior\ReadHtmlCacheBehavior [ RunTime:0.001000s ]
INFO: [ app_begin ] --END-- [ RunTime:0.002000s ]
SQL: SHOW COLUMNS FROM `contract` [ RunTime:0.0040s ]
SQL: SHOW COLUMNS FROM `employee` [ RunTime:0.0030s ]
SQL: SELECT * FROM `contract` WHERE `c_date` LIKE '%2016%'  [ RunTime:0.0000s ]
SQL: SELECT SUM(c_price) AS tp_sum FROM `contract` WHERE `c_date` LIKE '%2016%' LIMIT 1   [ RunTime:0.0000s ]
SQL: SELECT * FROM `contract` WHERE `c_date` LIKE '%2016%' AND `c_status` = '已回款'  [ RunTime:0.0000s ]
SQL: SELECT SUM(c_price) AS tp_sum FROM `contract` WHERE `c_date` LIKE '%2016%' AND `c_status` = '已回款' LIMIT 1   [ RunTime:0.0000s ]
SQL: SELECT * FROM `employee`  [ RunTime:0.0010s ]
SQL: SELECT * FROM `employee` WHERE `e_gender` = '女'  [ RunTime:0.0000s ]
SQL: SELECT * FROM `employee` WHERE `e_status` = '在职'  [ RunTime:0.0000s ]
SQL: SELECT * FROM `employee` WHERE `e_status` = '退休返聘'  [ RunTime:0.0000s ]
SQL: SELECT * FROM `employee` WHERE `e_status` = '双重关系'  [ RunTime:0.0000s ]
INFO: [ view_parse ] --START--
INFO: [ template_filter ] --START--
INFO: Run Behavior\ContentReplaceBehavior [ RunTime:0.000000s ]
INFO: [ template_filter ] --END-- [ RunTime:0.000000s ]
NOTIC: [8] Undefined variable: kehu F:\Myfiles\workspace\rhfpm\Application\Runtime\Cache\Admin\eea688c288fc97c3a0cfe11b847f7230.php 第 92 行.
NOTIC: [8] Undefined variable: shangpin F:\Myfiles\workspace\rhfpm\Application\Runtime\Cache\Admin\eea688c288fc97c3a0cfe11b847f7230.php 第 97 行.
NOTIC: [8] Undefined variable: hetong F:\Myfiles\workspace\rhfpm\Application\Runtime\Cache\Admin\eea688c288fc97c3a0cfe11b847f7230.php 第 108 行.
NOTIC: [8] Undefined variable: employee F:\Myfiles\workspace\rhfpm\Application\Runtime\Cache\Admin\eea688c288fc97c3a0cfe11b847f7230.php 第 118 行.
NOTIC: [8] Undefined variable: xitong F:\Myfiles\workspace\rhfpm\Application\Runtime\Cache\Admin\eea688c288fc97c3a0cfe11b847f7230.php 第 128 行.
INFO: Run Behavior\ParseTemplateBehavior [ RunTime:0.016000s ]
INFO: [ view_parse ] --END-- [ RunTime:0.016000s ]
INFO: [ view_filter ] --START--
INFO: Run Behavior\WriteHtmlCacheBehavior [ RunTime:0.001001s ]
INFO: [ view_filter ] --END-- [ RunTime:0.001001s ]
INFO: [ app_end ] --START--
INFO: Run Behavior\ShowPageTraceBehavior [ RunTime:0.001000s ]
INFO: [ app_end ] --END-- [ RunTime:0.001000s ]

[ 2017-10-03T21:38:43+08:00 ] ::1 /index.php/Admin/Index/index/c_date/2017
INFO: [ app_init ] --START--
INFO: Run Behavior\BuildLiteBehavior [ RunTime:0.000000s ]
INFO: [ app_init ] --END-- [ RunTime:0.001000s ]
INFO: [ app_begin ] --START--
INFO: Run Behavior\ReadHtmlCacheBehavior [ RunTime:0.001000s ]
INFO: [ app_begin ] --END-- [ RunTime:0.002000s ]
SQL: SHOW COLUMNS FROM `contract` [ RunTime:0.0060s ]
SQL: SHOW COLUMNS FROM `employee` [ RunTime:0.0060s ]
SQL: SELECT * FROM `contract` WHERE `c_date` LIKE '%2017%'  [ RunTime:0.0010s ]
SQL: SELECT SUM(c_price) AS tp_sum FROM `contract` WHERE `c_date` LIKE '%2017%' LIMIT 1   [ RunTime:0.0000s ]
SQL: SELECT * FROM `contract` WHERE `c_date` LIKE '%2017%' AND `c_status` = '已回款'  [ RunTime:0.0010s ]
SQL: SELECT SUM(c_price) AS tp_sum FROM `contract` WHERE `c_date` LIKE '%2017%' AND `c_status` = '已回款' LIMIT 1   [ RunTime:0.0000s ]
SQL: SELECT * FROM `employee`  [ RunTime:0.0000s ]
SQL: SELECT * FROM `employee` WHERE `e_gender` = '女'  [ RunTime:0.0000s ]
SQL: SELECT * FROM `employee` WHERE `e_status` = '在职'  [ RunTime:0.0010s ]
SQL: SELECT * FROM `employee` WHERE `e_status` = '退休返聘'  [ RunTime:0.0000s ]
SQL: SELECT * FROM `employee` WHERE `e_status` = '双重关系'  [ RunTime:0.0000s ]
INFO: [ view_parse ] --START--
INFO: [ template_filter ] --START--
INFO: Run Behavior\ContentReplaceBehavior [ RunTime:0.000000s ]
INFO: [ template_filter ] --END-- [ RunTime:0.000000s ]
NOTIC: [8] Undefined variable: kehu F:\Myfiles\workspace\rhfpm\Application\Runtime\Cache\Admin\eea688c288fc97c3a0cfe11b847f7230.php 第 92 行.
NOTIC: [8] Undefined variable: shangpin F:\Myfiles\workspace\rhfpm\Application\Runtime\Cache\Admin\eea688c288fc97c3a0cfe11b847f7230.php 第 97 行.
NOTIC: [8] Undefined variable: hetong F:\Myfiles\workspace\rhfpm\Application\Runtime\Cache\Admin\eea688c288fc97c3a0cfe11b847f7230.php 第 108 行.
NOTIC: [8] Undefined variable: employee F:\Myfiles\workspace\rhfpm\Application\Runtime\Cache\Admin\eea688c288fc97c3a0cfe11b847f7230.php 第 118 行.
NOTIC: [8] Undefined variable: xitong F:\Myfiles\workspace\rhfpm\Application\Runtime\Cache\Admin\eea688c288fc97c3a0cfe11b847f7230.php 第 128 行.
INFO: Run Behavior\ParseTemplateBehavior [ RunTime:0.027001s ]
INFO: [ view_parse ] --END-- [ RunTime:0.027001s ]
INFO: [ view_filter ] --START--
INFO: Run Behavior\WriteHtmlCacheBehavior [ RunTime:0.000000s ]
INFO: [ view_filter ] --END-- [ RunTime:0.001000s ]
INFO: [ app_end ] --START--
INFO: Run Behavior\ShowPageTraceBehavior [ RunTime:0.001000s ]
INFO: [ app_end ] --END-- [ RunTime:0.001000s ]

[ 2017-10-03T21:38:48+08:00 ] ::1 /index.php/Admin/Contract/mobileView/flag/1/c_date/2017
INFO: [ app_init ] --START--
INFO: Run Behavior\BuildLiteBehavior [ RunTime:0.000000s ]
INFO: [ app_init ] --END-- [ RunTime:0.001000s ]
INFO: [ app_begin ] --START--
INFO: Run Behavior\ReadHtmlCacheBehavior [ RunTime:0.001000s ]
INFO: [ app_begin ] --END-- [ RunTime:0.001000s ]
SQL: SHOW COLUMNS FROM `contract` [ RunTime:0.0040s ]
SQL: SELECT COUNT(*) AS tp_count FROM `contract` WHERE `c_status` = '已回款' AND `c_date` LIKE '%2017%' ORDER BY id DESC LIMIT 1   [ RunTime:0.0000s ]
SQL: SELECT * FROM `contract` WHERE `c_status` = '已回款' AND `c_date` LIKE '%2017%' ORDER BY id DESC LIMIT 0,25   [ RunTime:0.0010s ]
INFO: [ view_parse ] --START--
INFO: [ template_filter ] --START--
INFO: Run Behavior\ContentReplaceBehavior [ RunTime:0.000000s ]
INFO: [ template_filter ] --END-- [ RunTime:0.000000s ]
NOTIC: [8] Undefined variable: username F:\Myfiles\workspace\rhfpm\Application\Runtime\Cache\Admin\2682daa7495f8c30cec258d0a764ca30.php 第 70 行.
NOTIC: [8] Undefined variable: gaikuang F:\Myfiles\workspace\rhfpm\Application\Runtime\Cache\Admin\2682daa7495f8c30cec258d0a764ca30.php 第 87 行.
NOTIC: [8] Undefined variable: kehu F:\Myfiles\workspace\rhfpm\Application\Runtime\Cache\Admin\2682daa7495f8c30cec258d0a764ca30.php 第 92 行.
NOTIC: [8] Undefined variable: shangpin F:\Myfiles\workspace\rhfpm\Application\Runtime\Cache\Admin\2682daa7495f8c30cec258d0a764ca30.php 第 97 行.
NOTIC: [8] Undefined variable: employee F:\Myfiles\workspace\rhfpm\Application\Runtime\Cache\Admin\2682daa7495f8c30cec258d0a764ca30.php 第 118 行.
NOTIC: [8] Undefined variable: xitong F:\Myfiles\workspace\rhfpm\Application\Runtime\Cache\Admin\2682daa7495f8c30cec258d0a764ca30.php 第 128 行.
INFO: Run Behavior\ParseTemplateBehavior [ RunTime:0.015001s ]
INFO: [ view_parse ] --END-- [ RunTime:0.016001s ]
INFO: [ view_filter ] --START--
INFO: Run Behavior\WriteHtmlCacheBehavior [ RunTime:0.001000s ]
INFO: [ view_filter ] --END-- [ RunTime:0.001000s ]
INFO: [ app_end ] --START--
INFO: Run Behavior\ShowPageTraceBehavior [ RunTime:0.001000s ]
INFO: [ app_end ] --END-- [ RunTime:0.001000s ]

[ 2017-10-03T21:38:56+08:00 ] ::1 /index.php/Admin
INFO: [ app_init ] --START--
INFO: Run Behavior\BuildLiteBehavior [ RunTime:0.000000s ]
INFO: [ app_init ] --END-- [ RunTime:0.002000s ]
INFO: [ app_begin ] --START--
INFO: Run Behavior\ReadHtmlCacheBehavior [ RunTime:0.001000s ]
INFO: [ app_begin ] --END-- [ RunTime:0.002000s ]
SQL: SHOW COLUMNS FROM `contract` [ RunTime:0.0040s ]
SQL: SHOW COLUMNS FROM `employee` [ RunTime:0.0030s ]
SQL: SELECT * FROM `contract` WHERE `c_date` LIKE '%2017%'  [ RunTime:0.0000s ]
SQL: SELECT SUM(c_price) AS tp_sum FROM `contract` WHERE `c_date` LIKE '%2017%' LIMIT 1   [ RunTime:0.0000s ]
SQL: SELECT * FROM `contract` WHERE `c_date` LIKE '%2017%' AND `c_status` = '已回款'  [ RunTime:0.0010s ]
SQL: SELECT SUM(c_price) AS tp_sum FROM `contract` WHERE `c_date` LIKE '%2017%' AND `c_status` = '已回款' LIMIT 1   [ RunTime:0.0010s ]
SQL: SELECT * FROM `employee`  [ RunTime:0.0000s ]
SQL: SELECT * FROM `employee` WHERE `e_gender` = '女'  [ RunTime:0.0000s ]
SQL: SELECT * FROM `employee` WHERE `e_status` = '在职'  [ RunTime:0.0000s ]
SQL: SELECT * FROM `employee` WHERE `e_status` = '退休返聘'  [ RunTime:0.0000s ]
SQL: SELECT * FROM `employee` WHERE `e_status` = '双重关系'  [ RunTime:0.0000s ]
INFO: [ view_parse ] --START--
INFO: [ template_filter ] --START--
INFO: Run Behavior\ContentReplaceBehavior [ RunTime:0.001000s ]
INFO: [ template_filter ] --END-- [ RunTime:0.001000s ]
NOTIC: [8] Undefined variable: kehu F:\Myfiles\workspace\rhfpm\Application\Runtime\Cache\Admin\eea688c288fc97c3a0cfe11b847f7230.php 第 92 行.
NOTIC: [8] Undefined variable: shangpin F:\Myfiles\workspace\rhfpm\Application\Runtime\Cache\Admin\eea688c288fc97c3a0cfe11b847f7230.php 第 97 行.
NOTIC: [8] Undefined variable: hetong F:\Myfiles\workspace\rhfpm\Application\Runtime\Cache\Admin\eea688c288fc97c3a0cfe11b847f7230.php 第 108 行.
NOTIC: [8] Undefined variable: employee F:\Myfiles\workspace\rhfpm\Application\Runtime\Cache\Admin\eea688c288fc97c3a0cfe11b847f7230.php 第 118 行.
NOTIC: [8] Undefined variable: xitong F:\Myfiles\workspace\rhfpm\Application\Runtime\Cache\Admin\eea688c288fc97c3a0cfe11b847f7230.php 第 128 行.
INFO: Run Behavior\ParseTemplateBehavior [ RunTime:0.015001s ]
INFO: [ view_parse ] --END-- [ RunTime:0.015001s ]
INFO: [ view_filter ] --START--
INFO: Run Behavior\WriteHtmlCacheBehavior [ RunTime:0.000000s ]
INFO: [ view_filter ] --END-- [ RunTime:0.000000s ]
INFO: [ app_end ] --START--
INFO: Run Behavior\ShowPageTraceBehavior [ RunTime:0.000000s ]
INFO: [ app_end ] --END-- [ RunTime:0.001000s ]

[ 2017-10-03T21:42:36+08:00 ] ::1 /index.php/Admin/Contract/mobileView/flag/0/c_date/2017
INFO: [ app_init ] --START--
INFO: Run Behavior\BuildLiteBehavior [ RunTime:0.000000s ]
INFO: [ app_init ] --END-- [ RunTime:0.001000s ]
INFO: [ app_begin ] --START--
INFO: Run Behavior\ReadHtmlCacheBehavior [ RunTime:0.001000s ]
INFO: [ app_begin ] --END-- [ RunTime:0.001000s ]
SQL: SHOW COLUMNS FROM `contract` [ RunTime:0.0040s ]
SQL: SELECT COUNT(*) AS tp_count FROM `contract` WHERE `c_status` <> '已回款' AND `c_date` LIKE '%2017%' ORDER BY id DESC LIMIT 1   [ RunTime:0.0000s ]
SQL: SELECT * FROM `contract` WHERE `c_status` <> '已回款' AND `c_date` LIKE '%2017%' ORDER BY id DESC LIMIT 0,25   [ RunTime:0.0000s ]
INFO: [ view_parse ] --START--
INFO: [ template_filter ] --START--
INFO: Run Behavior\ContentReplaceBehavior [ RunTime:0.000000s ]
INFO: [ template_filter ] --END-- [ RunTime:0.001000s ]
NOTIC: [8] Undefined variable: username F:\Myfiles\workspace\rhfpm\Application\Runtime\Cache\Admin\2682daa7495f8c30cec258d0a764ca30.php 第 70 行.
NOTIC: [8] Undefined variable: gaikuang F:\Myfiles\workspace\rhfpm\Application\Runtime\Cache\Admin\2682daa7495f8c30cec258d0a764ca30.php 第 87 行.
NOTIC: [8] Undefined variable: kehu F:\Myfiles\workspace\rhfpm\Application\Runtime\Cache\Admin\2682daa7495f8c30cec258d0a764ca30.php 第 92 行.
NOTIC: [8] Undefined variable: shangpin F:\Myfiles\workspace\rhfpm\Application\Runtime\Cache\Admin\2682daa7495f8c30cec258d0a764ca30.php 第 97 行.
NOTIC: [8] Undefined variable: employee F:\Myfiles\workspace\rhfpm\Application\Runtime\Cache\Admin\2682daa7495f8c30cec258d0a764ca30.php 第 118 行.
NOTIC: [8] Undefined variable: xitong F:\Myfiles\workspace\rhfpm\Application\Runtime\Cache\Admin\2682daa7495f8c30cec258d0a764ca30.php 第 128 行.
INFO: Run Behavior\ParseTemplateBehavior [ RunTime:0.012000s ]
INFO: [ view_parse ] --END-- [ RunTime:0.012000s ]
INFO: [ view_filter ] --START--
INFO: Run Behavior\WriteHtmlCacheBehavior [ RunTime:0.001000s ]
INFO: [ view_filter ] --END-- [ RunTime:0.001000s ]
INFO: [ app_end ] --START--
INFO: Run Behavior\ShowPageTraceBehavior [ RunTime:0.001000s ]
INFO: [ app_end ] --END-- [ RunTime:0.001000s ]

[ 2017-10-03T21:53:27+08:00 ] ::1 /index.php/Admin
INFO: [ app_init ] --START--
INFO: Run Behavior\BuildLiteBehavior [ RunTime:0.000000s ]
INFO: [ app_init ] --END-- [ RunTime:0.001000s ]
INFO: [ app_begin ] --START--
INFO: Run Behavior\ReadHtmlCacheBehavior [ RunTime:0.001000s ]
INFO: [ app_begin ] --END-- [ RunTime:0.001000s ]
SQL: SHOW COLUMNS FROM `contract` [ RunTime:0.0040s ]
SQL: SHOW COLUMNS FROM `employee` [ RunTime:0.0050s ]
SQL: SELECT * FROM `contract` WHERE `c_date` LIKE '%2017%'  [ RunTime:0.0010s ]
SQL: SELECT SUM(c_price) AS tp_sum FROM `contract` WHERE `c_date` LIKE '%2017%' LIMIT 1   [ RunTime:0.0000s ]
SQL: SELECT * FROM `contract` WHERE `c_date` LIKE '%2017%' AND `c_status` = '已回款'  [ RunTime:0.0000s ]
SQL: SELECT SUM(c_price) AS tp_sum FROM `contract` WHERE `c_date` LIKE '%2017%' AND `c_status` = '已回款' LIMIT 1   [ RunTime:0.0000s ]
SQL: SELECT * FROM `employee`  [ RunTime:0.0010s ]
SQL: SELECT * FROM `employee` WHERE `e_gender` = '女'  [ RunTime:0.0000s ]
SQL: SELECT * FROM `employee` WHERE `e_status` = '在职'  [ RunTime:0.0000s ]
SQL: SELECT * FROM `employee` WHERE `e_status` = '退休返聘'  [ RunTime:0.0000s ]
SQL: SELECT * FROM `employee` WHERE `e_status` = '双重关系'  [ RunTime:0.0000s ]
INFO: [ view_parse ] --START--
INFO: [ template_filter ] --START--
INFO: Run Behavior\ContentReplaceBehavior [ RunTime:0.000000s ]
INFO: [ template_filter ] --END-- [ RunTime:0.000000s ]
NOTIC: [8] Undefined variable: kehu F:\Myfiles\workspace\rhfpm\Application\Runtime\Cache\Admin\eea688c288fc97c3a0cfe11b847f7230.php 第 92 行.
NOTIC: [8] Undefined variable: shangpin F:\Myfiles\workspace\rhfpm\Application\Runtime\Cache\Admin\eea688c288fc97c3a0cfe11b847f7230.php 第 97 行.
NOTIC: [8] Undefined variable: hetong F:\Myfiles\workspace\rhfpm\Application\Runtime\Cache\Admin\eea688c288fc97c3a0cfe11b847f7230.php 第 108 行.
NOTIC: [8] Undefined variable: employee F:\Myfiles\workspace\rhfpm\Application\Runtime\Cache\Admin\eea688c288fc97c3a0cfe11b847f7230.php 第 118 行.
NOTIC: [8] Undefined variable: xitong F:\Myfiles\workspace\rhfpm\Application\Runtime\Cache\Admin\eea688c288fc97c3a0cfe11b847f7230.php 第 128 行.
INFO: Run Behavior\ParseTemplateBehavior [ RunTime:0.018001s ]
INFO: [ view_parse ] --END-- [ RunTime:0.018001s ]
INFO: [ view_filter ] --START--
INFO: Run Behavior\WriteHtmlCacheBehavior [ RunTime:0.001000s ]
INFO: [ view_filter ] --END-- [ RunTime:0.001000s ]
INFO: [ app_end ] --START--
INFO: Run Behavior\ShowPageTraceBehavior [ RunTime:0.001000s ]
INFO: [ app_end ] --END-- [ RunTime:0.002000s ]

[ 2017-10-03T21:53:30+08:00 ] ::1 /index.php/Admin/Contract
INFO: [ app_init ] --START--
INFO: Run Behavior\BuildLiteBehavior [ RunTime:0.000000s ]
INFO: [ app_init ] --END-- [ RunTime:0.002000s ]
INFO: [ app_begin ] --START--
INFO: Run Behavior\ReadHtmlCacheBehavior [ RunTime:0.001000s ]
INFO: [ app_begin ] --END-- [ RunTime:0.003000s ]
SQL: SHOW COLUMNS FROM `contract` [ RunTime:0.0050s ]
SQL: SELECT COUNT(*) AS tp_count FROM `contract` ORDER BY id DESC LIMIT 1   [ RunTime:0.0000s ]
SQL: SELECT * FROM `contract` ORDER BY id DESC LIMIT 0,25   [ RunTime:0.0010s ]
INFO: [ view_parse ] --START--
INFO: [ template_filter ] --START--
INFO: Run Behavior\ContentReplaceBehavior [ RunTime:0.000000s ]
INFO: [ template_filter ] --END-- [ RunTime:0.001000s ]
NOTIC: [8] Undefined variable: username F:\Myfiles\workspace\rhfpm\Application\Runtime\Cache\Admin\e5c588f4f760464e5a23f92fb5ead023.php 第 70 行.
NOTIC: [8] Undefined variable: gaikuang F:\Myfiles\workspace\rhfpm\Application\Runtime\Cache\Admin\e5c588f4f760464e5a23f92fb5ead023.php 第 87 行.
NOTIC: [8] Undefined variable: kehu F:\Myfiles\workspace\rhfpm\Application\Runtime\Cache\Admin\e5c588f4f760464e5a23f92fb5ead023.php 第 92 行.
NOTIC: [8] Undefined variable: shangpin F:\Myfiles\workspace\rhfpm\Application\Runtime\Cache\Admin\e5c588f4f760464e5a23f92fb5ead023.php 第 97 行.
NOTIC: [8] Undefined variable: employee F:\Myfiles\workspace\rhfpm\Application\Runtime\Cache\Admin\e5c588f4f760464e5a23f92fb5ead023.php 第 118 行.
NOTIC: [8] Undefined variable: xitong F:\Myfiles\workspace\rhfpm\Application\Runtime\Cache\Admin\e5c588f4f760464e5a23f92fb5ead023.php 第 128 行.
INFO: Run Behavior\ParseTemplateBehavior [ RunTime:0.027001s ]
INFO: [ view_parse ] --END-- [ RunTime:0.027001s ]
INFO: [ view_filter ] --START--
INFO: Run Behavior\WriteHtmlCacheBehavior [ RunTime:0.001000s ]
INFO: [ view_filter ] --END-- [ RunTime:0.001000s ]
INFO: [ app_end ] --START--
INFO: Run Behavior\ShowPageTraceBehavior [ RunTime:0.001001s ]
INFO: [ app_end ] --END-- [ RunTime:0.002001s ]

[ 2017-10-03T21:57:33+08:00 ] ::1 /index.php/Admin
INFO: [ app_init ] --START--
INFO: Run Behavior\BuildLiteBehavior [ RunTime:0.000000s ]
INFO: [ app_init ] --END-- [ RunTime:0.001000s ]
INFO: [ app_begin ] --START--
INFO: Run Behavior\ReadHtmlCacheBehavior [ RunTime:0.001000s ]
INFO: [ app_begin ] --END-- [ RunTime:0.001000s ]
SQL: SHOW COLUMNS FROM `contract` [ RunTime:0.0040s ]
SQL: SHOW COLUMNS FROM `employee` [ RunTime:0.0030s ]
SQL: SELECT * FROM `contract` WHERE `c_date` LIKE '%2017%'  [ RunTime:0.0010s ]
SQL: SELECT SUM(c_price) AS tp_sum FROM `contract` WHERE `c_date` LIKE '%2017%' LIMIT 1   [ RunTime:0.0000s ]
SQL: SELECT * FROM `contract` WHERE `c_date` LIKE '%2017%' AND `c_status` = '已回款'  [ RunTime:0.0000s ]
SQL: SELECT SUM(c_price) AS tp_sum FROM `contract` WHERE `c_date` LIKE '%2017%' AND `c_status` = '已回款' LIMIT 1   [ RunTime:0.0000s ]
SQL: SELECT * FROM `employee`  [ RunTime:0.0000s ]
SQL: SELECT * FROM `employee` WHERE `e_gender` = '女'  [ RunTime:0.0000s ]
SQL: SELECT * FROM `employee` WHERE `e_status` = '在职'  [ RunTime:0.0000s ]
SQL: SELECT * FROM `employee` WHERE `e_status` = '退休返聘'  [ RunTime:0.0000s ]
SQL: SELECT * FROM `employee` WHERE `e_status` = '双重关系'  [ RunTime:0.0000s ]
INFO: [ view_parse ] --START--
INFO: [ template_filter ] --START--
INFO: Run Behavior\ContentReplaceBehavior [ RunTime:0.001000s ]
INFO: [ template_filter ] --END-- [ RunTime:0.001000s ]
NOTIC: [8] Undefined variable: kehu F:\Myfiles\workspace\rhfpm\Application\Runtime\Cache\Admin\eea688c288fc97c3a0cfe11b847f7230.php 第 92 行.
NOTIC: [8] Undefined variable: shangpin F:\Myfiles\workspace\rhfpm\Application\Runtime\Cache\Admin\eea688c288fc97c3a0cfe11b847f7230.php 第 97 行.
NOTIC: [8] Undefined variable: hetong F:\Myfiles\workspace\rhfpm\Application\Runtime\Cache\Admin\eea688c288fc97c3a0cfe11b847f7230.php 第 108 行.
NOTIC: [8] Undefined variable: employee F:\Myfiles\workspace\rhfpm\Application\Runtime\Cache\Admin\eea688c288fc97c3a0cfe11b847f7230.php 第 118 行.
NOTIC: [8] Undefined variable: xitong F:\Myfiles\workspace\rhfpm\Application\Runtime\Cache\Admin\eea688c288fc97c3a0cfe11b847f7230.php 第 128 行.
INFO: Run Behavior\ParseTemplateBehavior [ RunTime:0.017001s ]
INFO: [ view_parse ] --END-- [ RunTime:0.017001s ]
INFO: [ view_filter ] --START--
INFO: Run Behavior\WriteHtmlCacheBehavior [ RunTime:0.001000s ]
INFO: [ view_filter ] --END-- [ RunTime:0.001000s ]
INFO: [ app_end ] --START--
INFO: Run Behavior\ShowPageTraceBehavior [ RunTime:0.001000s ]
INFO: [ app_end ] --END-- [ RunTime:0.001000s ]

[ 2017-10-03T22:15:44+08:00 ] ::1 /index.php/Admin/Contract
INFO: [ app_init ] --START--
INFO: Run Behavior\BuildLiteBehavior [ RunTime:0.001000s ]
INFO: [ app_init ] --END-- [ RunTime:0.002000s ]
INFO: [ app_begin ] --START--
INFO: Run Behavior\ReadHtmlCacheBehavior [ RunTime:0.002000s ]
INFO: [ app_begin ] --END-- [ RunTime:0.003000s ]
SQL: SHOW COLUMNS FROM `contract` [ RunTime:0.0080s ]
SQL: SELECT COUNT(*) AS tp_count FROM `contract` ORDER BY id DESC LIMIT 1   [ RunTime:0.0010s ]
SQL: SELECT * FROM `contract` ORDER BY id DESC LIMIT 0,25   [ RunTime:0.0010s ]
INFO: [ view_parse ] --START--
INFO: [ template_filter ] --START--
INFO: Run Behavior\ContentReplaceBehavior [ RunTime:0.000000s ]
INFO: [ template_filter ] --END-- [ RunTime:0.001000s ]
NOTIC: [8] Undefined variable: username F:\Myfiles\workspace\rhfpm\Application\Runtime\Cache\Admin\e5c588f4f760464e5a23f92fb5ead023.php 第 70 行.
NOTIC: [8] Undefined variable: gaikuang F:\Myfiles\workspace\rhfpm\Application\Runtime\Cache\Admin\e5c588f4f760464e5a23f92fb5ead023.php 第 87 行.
NOTIC: [8] Undefined variable: kehu F:\Myfiles\workspace\rhfpm\Application\Runtime\Cache\Admin\e5c588f4f760464e5a23f92fb5ead023.php 第 92 行.
NOTIC: [8] Undefined variable: shangpin F:\Myfiles\workspace\rhfpm\Application\Runtime\Cache\Admin\e5c588f4f760464e5a23f92fb5ead023.php 第 97 行.
NOTIC: [8] Undefined variable: employee F:\Myfiles\workspace\rhfpm\Application\Runtime\Cache\Admin\e5c588f4f760464e5a23f92fb5ead023.php 第 118 行.
NOTIC: [8] Undefined variable: xitong F:\Myfiles\workspace\rhfpm\Application\Runtime\Cache\Admin\e5c588f4f760464e5a23f92fb5ead023.php 第 128 行.
INFO: Run Behavior\ParseTemplateBehavior [ RunTime:0.040002s ]
INFO: [ view_parse ] --END-- [ RunTime:0.041002s ]
INFO: [ view_filter ] --START--
INFO: Run Behavior\WriteHtmlCacheBehavior [ RunTime:0.001000s ]
INFO: [ view_filter ] --END-- [ RunTime:0.001000s ]
INFO: [ app_end ] --START--
INFO: Run Behavior\ShowPageTraceBehavior [ RunTime:0.001000s ]
INFO: [ app_end ] --END-- [ RunTime:0.001000s ]

